INFO:root:
Sequence: High Level Ordering of Strategies
| AlwaysSucceed
| | Sequence: Defensive Strategy
| | | LoopUntilFailed: Action: try_save_doomed_ally
| | | | Action: try_save_doomed_ally
| AlwaysSucceed
| | Sequence: Offensive Strategy
| | | AlwaysSucceed
| | | | LoopUntilFailed
| | | | | Sequence: Full Offense
| | | | | | Check: has_sufficiently_largest_fleet
| | | | | | Action: attack_strong_and_vulnerable_enemy_planet
| | | LoopUntilFailed: Action: try_steal_cheap_planet
| | | | Action: try_steal_cheap_planet
| Sequence: Spread Strategy
| | LoopUntilFailed: Action: spread_to_weakest_neutral_planet
| | | Action: spread_to_weakest_neutral_planet

DEBUG:root:Executing:Sequence: High Level Ordering of Strategies
DEBUG:root:Executing:AlwaysSucceed
DEBUG:root:Executing:Sequence: Defensive Strategy
DEBUG:root:Executing:LoopUntilFailed: Action: try_save_doomed_ally
DEBUG:root:Executing:Action: try_save_doomed_ally
DEBUG:root:Result: Action: try_save_doomed_ally -> Failure
DEBUG:root:Result: LoopUntilFailed: Action: try_save_doomed_ally -> Success
DEBUG:root:Result: Sequence: Defensive Strategy -> Success
DEBUG:root:Result: AlwaysSucceed -> Success
DEBUG:root:Executing:AlwaysSucceed
DEBUG:root:Executing:Sequence: Offensive Strategy
DEBUG:root:Executing:AlwaysSucceed
DEBUG:root:Executing:LoopUntilFailed
DEBUG:root:Executing:Sequence: Full Offense
DEBUG:root:Executing:Check: has_sufficiently_largest_fleet
DEBUG:root:Result: Check: has_sufficiently_largest_fleet -> Failure
DEBUG:root:Result: Sequence: Full Offense -> Failure
DEBUG:root:Result: LoopUntilFailed -> Success
DEBUG:root:Result: AlwaysSucceed -> Success
DEBUG:root:Executing:LoopUntilFailed: Action: try_steal_cheap_planet
DEBUG:root:Executing:Action: try_steal_cheap_planet
DEBUG:root:Result: Action: try_steal_cheap_planet -> Failure
DEBUG:root:Result: LoopUntilFailed: Action: try_steal_cheap_planet -> Success
DEBUG:root:Result: Sequence: Offensive Strategy -> Success
DEBUG:root:Result: AlwaysSucceed -> Success
DEBUG:root:Executing:Sequence: Spread Strategy
DEBUG:root:Executing:LoopUntilFailed: Action: spread_to_weakest_neutral_planet
DEBUG:root:Executing:Action: spread_to_weakest_neutral_planet
DEBUG:root:Order:1 12 13.0
DEBUG:root:Result: Action: spread_to_weakest_neutral_planet -> Success
DEBUG:root:Executing:Action: spread_to_weakest_neutral_planet
DEBUG:root:Order:1 18 5.0
DEBUG:root:Result: Action: spread_to_weakest_neutral_planet -> Success
DEBUG:root:Executing:Action: spread_to_weakest_neutral_planet
DEBUG:root:Order:1 11 13.0
DEBUG:root:Result: Action: spread_to_weakest_neutral_planet -> Success
DEBUG:root:Executing:Action: spread_to_weakest_neutral_planet
DEBUG:root:Order:1 21 59.0
DEBUG:root:Result: Action: spread_to_weakest_neutral_planet -> Success
DEBUG:root:Executing:Action: spread_to_weakest_neutral_planet
DEBUG:root:Order:1 17 5.0
DEBUG:root:Result: Action: spread_to_weakest_neutral_planet -> Success
DEBUG:root:Executing:Action: spread_to_weakest_neutral_planet
DEBUG:root:Result: Action: spread_to_weakest_neutral_planet -> Failure
DEBUG:root:Result: LoopUntilFailed: Action: spread_to_weakest_neutral_planet -> Success
DEBUG:root:Result: Sequence: Spread Strategy -> Success
DEBUG:root:Result: Sequence: High Level Ordering of Strategies -> Success
DEBUG:root:Finish turn

DEBUG:root:Executing:Sequence: High Level Ordering of Strategies
DEBUG:root:Executing:AlwaysSucceed
DEBUG:root:Executing:Sequence: Defensive Strategy
DEBUG:root:Executing:LoopUntilFailed: Action: try_save_doomed_ally
DEBUG:root:Executing:Action: try_save_doomed_ally
DEBUG:root:Result: Action: try_save_doomed_ally -> Failure
DEBUG:root:Result: LoopUntilFailed: Action: try_save_doomed_ally -> Success
DEBUG:root:Result: Sequence: Defensive Strategy -> Success
DEBUG:root:Result: AlwaysSucceed -> Success
DEBUG:root:Executing:AlwaysSucceed
DEBUG:root:Executing:Sequence: Offensive Strategy
DEBUG:root:Executing:AlwaysSucceed
DEBUG:root:Executing:LoopUntilFailed
DEBUG:root:Executing:Sequence: Full Offense
DEBUG:root:Executing:Check: has_sufficiently_largest_fleet
DEBUG:root:Result: Check: has_sufficiently_largest_fleet -> Failure
DEBUG:root:Result: Sequence: Full Offense -> Failure
DEBUG:root:Result: LoopUntilFailed -> Success
DEBUG:root:Result: AlwaysSucceed -> Success
DEBUG:root:Executing:LoopUntilFailed: Action: try_steal_cheap_planet
DEBUG:root:Executing:Action: try_steal_cheap_planet
DEBUG:root:Result: Action: try_steal_cheap_planet -> Failure
DEBUG:root:Result: LoopUntilFailed: Action: try_steal_cheap_planet -> Success
DEBUG:root:Result: Sequence: Offensive Strategy -> Success
DEBUG:root:Result: AlwaysSucceed -> Success
DEBUG:root:Executing:Sequence: Spread Strategy
DEBUG:root:Executing:LoopUntilFailed: Action: spread_to_weakest_neutral_planet
DEBUG:root:Executing:Action: spread_to_weakest_neutral_planet
DEBUG:root:Result: Action: spread_to_weakest_neutral_planet -> Failure
DEBUG:root:Result: LoopUntilFailed: Action: spread_to_weakest_neutral_planet -> Success
DEBUG:root:Result: Sequence: Spread Strategy -> Success
DEBUG:root:Result: Sequence: High Level Ordering of Strategies -> Success
DEBUG:root:Finish turn

DEBUG:root:Executing:Sequence: High Level Ordering of Strategies
DEBUG:root:Executing:AlwaysSucceed
DEBUG:root:Executing:Sequence: Defensive Strategy
DEBUG:root:Executing:LoopUntilFailed: Action: try_save_doomed_ally
DEBUG:root:Executing:Action: try_save_doomed_ally
DEBUG:root:Result: Action: try_save_doomed_ally -> Failure
DEBUG:root:Result: LoopUntilFailed: Action: try_save_doomed_ally -> Success
DEBUG:root:Result: Sequence: Defensive Strategy -> Success
DEBUG:root:Result: AlwaysSucceed -> Success
DEBUG:root:Executing:AlwaysSucceed
DEBUG:root:Executing:Sequence: Offensive Strategy
DEBUG:root:Executing:AlwaysSucceed
DEBUG:root:Executing:LoopUntilFailed
DEBUG:root:Executing:Sequence: Full Offense
DEBUG:root:Executing:Check: has_sufficiently_largest_fleet
DEBUG:root:Result: Check: has_sufficiently_largest_fleet -> Failure
DEBUG:root:Result: Sequence: Full Offense -> Failure
DEBUG:root:Result: LoopUntilFailed -> Success
DEBUG:root:Result: AlwaysSucceed -> Success
DEBUG:root:Executing:LoopUntilFailed: Action: try_steal_cheap_planet
DEBUG:root:Executing:Action: try_steal_cheap_planet
DEBUG:root:Result: Action: try_steal_cheap_planet -> Failure
DEBUG:root:Result: LoopUntilFailed: Action: try_steal_cheap_planet -> Success
DEBUG:root:Result: Sequence: Offensive Strategy -> Success
DEBUG:root:Result: AlwaysSucceed -> Success
DEBUG:root:Executing:Sequence: Spread Strategy
DEBUG:root:Executing:LoopUntilFailed: Action: spread_to_weakest_neutral_planet
DEBUG:root:Executing:Action: spread_to_weakest_neutral_planet
DEBUG:root:Result: Action: spread_to_weakest_neutral_planet -> Failure
DEBUG:root:Result: LoopUntilFailed: Action: spread_to_weakest_neutral_planet -> Success
DEBUG:root:Result: Sequence: Spread Strategy -> Success
DEBUG:root:Result: Sequence: High Level Ordering of Strategies -> Success
DEBUG:root:Finish turn

DEBUG:root:Executing:Sequence: High Level Ordering of Strategies
DEBUG:root:Executing:AlwaysSucceed
DEBUG:root:Executing:Sequence: Defensive Strategy
DEBUG:root:Executing:LoopUntilFailed: Action: try_save_doomed_ally
DEBUG:root:Executing:Action: try_save_doomed_ally
DEBUG:root:Result: Action: try_save_doomed_ally -> Failure
DEBUG:root:Result: LoopUntilFailed: Action: try_save_doomed_ally -> Success
DEBUG:root:Result: Sequence: Defensive Strategy -> Success
DEBUG:root:Result: AlwaysSucceed -> Success
DEBUG:root:Executing:AlwaysSucceed
DEBUG:root:Executing:Sequence: Offensive Strategy
DEBUG:root:Executing:AlwaysSucceed
DEBUG:root:Executing:LoopUntilFailed
DEBUG:root:Executing:Sequence: Full Offense
DEBUG:root:Executing:Check: has_sufficiently_largest_fleet
DEBUG:root:Result: Check: has_sufficiently_largest_fleet -> Failure
DEBUG:root:Result: Sequence: Full Offense -> Failure
DEBUG:root:Result: LoopUntilFailed -> Success
DEBUG:root:Result: AlwaysSucceed -> Success
DEBUG:root:Executing:LoopUntilFailed: Action: try_steal_cheap_planet
DEBUG:root:Executing:Action: try_steal_cheap_planet
DEBUG:root:Result: Action: try_steal_cheap_planet -> Failure
DEBUG:root:Result: LoopUntilFailed: Action: try_steal_cheap_planet -> Success
DEBUG:root:Result: Sequence: Offensive Strategy -> Success
DEBUG:root:Result: AlwaysSucceed -> Success
DEBUG:root:Executing:Sequence: Spread Strategy
DEBUG:root:Executing:LoopUntilFailed: Action: spread_to_weakest_neutral_planet
DEBUG:root:Executing:Action: spread_to_weakest_neutral_planet
DEBUG:root:Order:1 17 19.0
DEBUG:root:Result: Action: spread_to_weakest_neutral_planet -> Success
DEBUG:root:Executing:Action: spread_to_weakest_neutral_planet
DEBUG:root:Result: Action: spread_to_weakest_neutral_planet -> Failure
DEBUG:root:Result: LoopUntilFailed: Action: spread_to_weakest_neutral_planet -> Success
DEBUG:root:Result: Sequence: Spread Strategy -> Success
DEBUG:root:Result: Sequence: High Level Ordering of Strategies -> Success
DEBUG:root:Finish turn

DEBUG:root:Executing:Sequence: High Level Ordering of Strategies
DEBUG:root:Executing:AlwaysSucceed
DEBUG:root:Executing:Sequence: Defensive Strategy
DEBUG:root:Executing:LoopUntilFailed: Action: try_save_doomed_ally
DEBUG:root:Executing:Action: try_save_doomed_ally
DEBUG:root:Result: Action: try_save_doomed_ally -> Failure
DEBUG:root:Result: LoopUntilFailed: Action: try_save_doomed_ally -> Success
DEBUG:root:Result: Sequence: Defensive Strategy -> Success
DEBUG:root:Result: AlwaysSucceed -> Success
DEBUG:root:Executing:AlwaysSucceed
DEBUG:root:Executing:Sequence: Offensive Strategy
DEBUG:root:Executing:AlwaysSucceed
DEBUG:root:Executing:LoopUntilFailed
DEBUG:root:Executing:Sequence: Full Offense
DEBUG:root:Executing:Check: has_sufficiently_largest_fleet
DEBUG:root:Result: Check: has_sufficiently_largest_fleet -> Failure
DEBUG:root:Result: Sequence: Full Offense -> Failure
DEBUG:root:Result: LoopUntilFailed -> Success
DEBUG:root:Result: AlwaysSucceed -> Success
DEBUG:root:Executing:LoopUntilFailed: Action: try_steal_cheap_planet
DEBUG:root:Executing:Action: try_steal_cheap_planet
DEBUG:root:Result: Action: try_steal_cheap_planet -> Failure
DEBUG:root:Result: LoopUntilFailed: Action: try_steal_cheap_planet -> Success
DEBUG:root:Result: Sequence: Offensive Strategy -> Success
DEBUG:root:Result: AlwaysSucceed -> Success
DEBUG:root:Executing:Sequence: Spread Strategy
DEBUG:root:Executing:LoopUntilFailed: Action: spread_to_weakest_neutral_planet
DEBUG:root:Executing:Action: spread_to_weakest_neutral_planet
DEBUG:root:Result: Action: spread_to_weakest_neutral_planet -> Failure
DEBUG:root:Result: LoopUntilFailed: Action: spread_to_weakest_neutral_planet -> Success
DEBUG:root:Result: Sequence: Spread Strategy -> Success
DEBUG:root:Result: Sequence: High Level Ordering of Strategies -> Success
DEBUG:root:Finish turn

DEBUG:root:Executing:Sequence: High Level Ordering of Strategies
DEBUG:root:Executing:AlwaysSucceed
DEBUG:root:Executing:Sequence: Defensive Strategy
DEBUG:root:Executing:LoopUntilFailed: Action: try_save_doomed_ally
DEBUG:root:Executing:Action: try_save_doomed_ally
DEBUG:root:Result: Action: try_save_doomed_ally -> Failure
DEBUG:root:Result: LoopUntilFailed: Action: try_save_doomed_ally -> Success
DEBUG:root:Result: Sequence: Defensive Strategy -> Success
DEBUG:root:Result: AlwaysSucceed -> Success
DEBUG:root:Executing:AlwaysSucceed
DEBUG:root:Executing:Sequence: Offensive Strategy
DEBUG:root:Executing:AlwaysSucceed
DEBUG:root:Executing:LoopUntilFailed
DEBUG:root:Executing:Sequence: Full Offense
DEBUG:root:Executing:Check: has_sufficiently_largest_fleet
DEBUG:root:Result: Check: has_sufficiently_largest_fleet -> Failure
DEBUG:root:Result: Sequence: Full Offense -> Failure
DEBUG:root:Result: LoopUntilFailed -> Success
DEBUG:root:Result: AlwaysSucceed -> Success
DEBUG:root:Executing:LoopUntilFailed: Action: try_steal_cheap_planet
DEBUG:root:Executing:Action: try_steal_cheap_planet
DEBUG:root:Result: Action: try_steal_cheap_planet -> Failure
DEBUG:root:Result: LoopUntilFailed: Action: try_steal_cheap_planet -> Success
DEBUG:root:Result: Sequence: Offensive Strategy -> Success
DEBUG:root:Result: AlwaysSucceed -> Success
DEBUG:root:Executing:Sequence: Spread Strategy
DEBUG:root:Executing:LoopUntilFailed: Action: spread_to_weakest_neutral_planet
DEBUG:root:Executing:Action: spread_to_weakest_neutral_planet
DEBUG:root:Result: Action: spread_to_weakest_neutral_planet -> Failure
DEBUG:root:Result: LoopUntilFailed: Action: spread_to_weakest_neutral_planet -> Success
DEBUG:root:Result: Sequence: Spread Strategy -> Success
DEBUG:root:Result: Sequence: High Level Ordering of Strategies -> Success
DEBUG:root:Finish turn

DEBUG:root:Executing:Sequence: High Level Ordering of Strategies
DEBUG:root:Executing:AlwaysSucceed
DEBUG:root:Executing:Sequence: Defensive Strategy
DEBUG:root:Executing:LoopUntilFailed: Action: try_save_doomed_ally
DEBUG:root:Executing:Action: try_save_doomed_ally
DEBUG:root:Result: Action: try_save_doomed_ally -> Failure
DEBUG:root:Result: LoopUntilFailed: Action: try_save_doomed_ally -> Success
DEBUG:root:Result: Sequence: Defensive Strategy -> Success
DEBUG:root:Result: AlwaysSucceed -> Success
DEBUG:root:Executing:AlwaysSucceed
DEBUG:root:Executing:Sequence: Offensive Strategy
DEBUG:root:Executing:AlwaysSucceed
DEBUG:root:Executing:LoopUntilFailed
DEBUG:root:Executing:Sequence: Full Offense
DEBUG:root:Executing:Check: has_sufficiently_largest_fleet
DEBUG:root:Result: Check: has_sufficiently_largest_fleet -> Failure
DEBUG:root:Result: Sequence: Full Offense -> Failure
DEBUG:root:Result: LoopUntilFailed -> Success
DEBUG:root:Result: AlwaysSucceed -> Success
DEBUG:root:Executing:LoopUntilFailed: Action: try_steal_cheap_planet
DEBUG:root:Executing:Action: try_steal_cheap_planet
DEBUG:root:Result: Action: try_steal_cheap_planet -> Failure
DEBUG:root:Result: LoopUntilFailed: Action: try_steal_cheap_planet -> Success
DEBUG:root:Result: Sequence: Offensive Strategy -> Success
DEBUG:root:Result: AlwaysSucceed -> Success
DEBUG:root:Executing:Sequence: Spread Strategy
DEBUG:root:Executing:LoopUntilFailed: Action: spread_to_weakest_neutral_planet
DEBUG:root:Executing:Action: spread_to_weakest_neutral_planet
DEBUG:root:Result: Action: spread_to_weakest_neutral_planet -> Failure
DEBUG:root:Result: LoopUntilFailed: Action: spread_to_weakest_neutral_planet -> Success
DEBUG:root:Result: Sequence: Spread Strategy -> Success
DEBUG:root:Result: Sequence: High Level Ordering of Strategies -> Success
DEBUG:root:Finish turn

DEBUG:root:Executing:Sequence: High Level Ordering of Strategies
DEBUG:root:Executing:AlwaysSucceed
DEBUG:root:Executing:Sequence: Defensive Strategy
DEBUG:root:Executing:LoopUntilFailed: Action: try_save_doomed_ally
DEBUG:root:Executing:Action: try_save_doomed_ally
DEBUG:root:Result: Action: try_save_doomed_ally -> Failure
DEBUG:root:Result: LoopUntilFailed: Action: try_save_doomed_ally -> Success
DEBUG:root:Result: Sequence: Defensive Strategy -> Success
DEBUG:root:Result: AlwaysSucceed -> Success
DEBUG:root:Executing:AlwaysSucceed
DEBUG:root:Executing:Sequence: Offensive Strategy
DEBUG:root:Executing:AlwaysSucceed
DEBUG:root:Executing:LoopUntilFailed
DEBUG:root:Executing:Sequence: Full Offense
DEBUG:root:Executing:Check: has_sufficiently_largest_fleet
DEBUG:root:Result: Check: has_sufficiently_largest_fleet -> Failure
DEBUG:root:Result: Sequence: Full Offense -> Failure
DEBUG:root:Result: LoopUntilFailed -> Success
DEBUG:root:Result: AlwaysSucceed -> Success
DEBUG:root:Executing:LoopUntilFailed: Action: try_steal_cheap_planet
DEBUG:root:Executing:Action: try_steal_cheap_planet
DEBUG:root:Result: Action: try_steal_cheap_planet -> Failure
DEBUG:root:Result: LoopUntilFailed: Action: try_steal_cheap_planet -> Success
DEBUG:root:Result: Sequence: Offensive Strategy -> Success
DEBUG:root:Result: AlwaysSucceed -> Success
DEBUG:root:Executing:Sequence: Spread Strategy
DEBUG:root:Executing:LoopUntilFailed: Action: spread_to_weakest_neutral_planet
DEBUG:root:Executing:Action: spread_to_weakest_neutral_planet
DEBUG:root:Result: Action: spread_to_weakest_neutral_planet -> Failure
DEBUG:root:Result: LoopUntilFailed: Action: spread_to_weakest_neutral_planet -> Success
DEBUG:root:Result: Sequence: Spread Strategy -> Success
DEBUG:root:Result: Sequence: High Level Ordering of Strategies -> Success
DEBUG:root:Finish turn

DEBUG:root:Executing:Sequence: High Level Ordering of Strategies
DEBUG:root:Executing:AlwaysSucceed
DEBUG:root:Executing:Sequence: Defensive Strategy
DEBUG:root:Executing:LoopUntilFailed: Action: try_save_doomed_ally
DEBUG:root:Executing:Action: try_save_doomed_ally
DEBUG:root:Result: Action: try_save_doomed_ally -> Failure
DEBUG:root:Result: LoopUntilFailed: Action: try_save_doomed_ally -> Success
DEBUG:root:Result: Sequence: Defensive Strategy -> Success
DEBUG:root:Result: AlwaysSucceed -> Success
DEBUG:root:Executing:AlwaysSucceed
DEBUG:root:Executing:Sequence: Offensive Strategy
DEBUG:root:Executing:AlwaysSucceed
DEBUG:root:Executing:LoopUntilFailed
DEBUG:root:Executing:Sequence: Full Offense
DEBUG:root:Executing:Check: has_sufficiently_largest_fleet
DEBUG:root:Result: Check: has_sufficiently_largest_fleet -> Failure
DEBUG:root:Result: Sequence: Full Offense -> Failure
DEBUG:root:Result: LoopUntilFailed -> Success
DEBUG:root:Result: AlwaysSucceed -> Success
DEBUG:root:Executing:LoopUntilFailed: Action: try_steal_cheap_planet
DEBUG:root:Executing:Action: try_steal_cheap_planet
DEBUG:root:Result: Action: try_steal_cheap_planet -> Failure
DEBUG:root:Result: LoopUntilFailed: Action: try_steal_cheap_planet -> Success
DEBUG:root:Result: Sequence: Offensive Strategy -> Success
DEBUG:root:Result: AlwaysSucceed -> Success
DEBUG:root:Executing:Sequence: Spread Strategy
DEBUG:root:Executing:LoopUntilFailed: Action: spread_to_weakest_neutral_planet
DEBUG:root:Executing:Action: spread_to_weakest_neutral_planet
DEBUG:root:Order:1 6 23.0
DEBUG:root:Result: Action: spread_to_weakest_neutral_planet -> Success
DEBUG:root:Executing:Action: spread_to_weakest_neutral_planet
DEBUG:root:Result: Action: spread_to_weakest_neutral_planet -> Failure
DEBUG:root:Result: LoopUntilFailed: Action: spread_to_weakest_neutral_planet -> Success
DEBUG:root:Result: Sequence: Spread Strategy -> Success
DEBUG:root:Result: Sequence: High Level Ordering of Strategies -> Success
DEBUG:root:Finish turn

DEBUG:root:Executing:Sequence: High Level Ordering of Strategies
DEBUG:root:Executing:AlwaysSucceed
DEBUG:root:Executing:Sequence: Defensive Strategy
DEBUG:root:Executing:LoopUntilFailed: Action: try_save_doomed_ally
DEBUG:root:Executing:Action: try_save_doomed_ally
DEBUG:root:Result: Action: try_save_doomed_ally -> Failure
DEBUG:root:Result: LoopUntilFailed: Action: try_save_doomed_ally -> Success
DEBUG:root:Result: Sequence: Defensive Strategy -> Success
DEBUG:root:Result: AlwaysSucceed -> Success
DEBUG:root:Executing:AlwaysSucceed
DEBUG:root:Executing:Sequence: Offensive Strategy
DEBUG:root:Executing:AlwaysSucceed
DEBUG:root:Executing:LoopUntilFailed
DEBUG:root:Executing:Sequence: Full Offense
DEBUG:root:Executing:Check: has_sufficiently_largest_fleet
DEBUG:root:Result: Check: has_sufficiently_largest_fleet -> Failure
DEBUG:root:Result: Sequence: Full Offense -> Failure
DEBUG:root:Result: LoopUntilFailed -> Success
DEBUG:root:Result: AlwaysSucceed -> Success
DEBUG:root:Executing:LoopUntilFailed: Action: try_steal_cheap_planet
DEBUG:root:Executing:Action: try_steal_cheap_planet
DEBUG:root:Result: Action: try_steal_cheap_planet -> Failure
DEBUG:root:Result: LoopUntilFailed: Action: try_steal_cheap_planet -> Success
DEBUG:root:Result: Sequence: Offensive Strategy -> Success
DEBUG:root:Result: AlwaysSucceed -> Success
DEBUG:root:Executing:Sequence: Spread Strategy
DEBUG:root:Executing:LoopUntilFailed: Action: spread_to_weakest_neutral_planet
DEBUG:root:Executing:Action: spread_to_weakest_neutral_planet
DEBUG:root:Result: Action: spread_to_weakest_neutral_planet -> Failure
DEBUG:root:Result: LoopUntilFailed: Action: spread_to_weakest_neutral_planet -> Success
DEBUG:root:Result: Sequence: Spread Strategy -> Success
DEBUG:root:Result: Sequence: High Level Ordering of Strategies -> Success
DEBUG:root:Finish turn

DEBUG:root:Executing:Sequence: High Level Ordering of Strategies
DEBUG:root:Executing:AlwaysSucceed
DEBUG:root:Executing:Sequence: Defensive Strategy
DEBUG:root:Executing:LoopUntilFailed: Action: try_save_doomed_ally
DEBUG:root:Executing:Action: try_save_doomed_ally
DEBUG:root:Result: Action: try_save_doomed_ally -> Failure
DEBUG:root:Result: LoopUntilFailed: Action: try_save_doomed_ally -> Success
DEBUG:root:Result: Sequence: Defensive Strategy -> Success
DEBUG:root:Result: AlwaysSucceed -> Success
DEBUG:root:Executing:AlwaysSucceed
DEBUG:root:Executing:Sequence: Offensive Strategy
DEBUG:root:Executing:AlwaysSucceed
DEBUG:root:Executing:LoopUntilFailed
DEBUG:root:Executing:Sequence: Full Offense
DEBUG:root:Executing:Check: has_sufficiently_largest_fleet
DEBUG:root:Result: Check: has_sufficiently_largest_fleet -> Failure
DEBUG:root:Result: Sequence: Full Offense -> Failure
DEBUG:root:Result: LoopUntilFailed -> Success
DEBUG:root:Result: AlwaysSucceed -> Success
DEBUG:root:Executing:LoopUntilFailed: Action: try_steal_cheap_planet
DEBUG:root:Executing:Action: try_steal_cheap_planet
DEBUG:root:Result: Action: try_steal_cheap_planet -> Failure
DEBUG:root:Result: LoopUntilFailed: Action: try_steal_cheap_planet -> Success
DEBUG:root:Result: Sequence: Offensive Strategy -> Success
DEBUG:root:Result: AlwaysSucceed -> Success
DEBUG:root:Executing:Sequence: Spread Strategy
DEBUG:root:Executing:LoopUntilFailed: Action: spread_to_weakest_neutral_planet
DEBUG:root:Executing:Action: spread_to_weakest_neutral_planet
DEBUG:root:Result: Action: spread_to_weakest_neutral_planet -> Failure
DEBUG:root:Result: LoopUntilFailed: Action: spread_to_weakest_neutral_planet -> Success
DEBUG:root:Result: Sequence: Spread Strategy -> Success
DEBUG:root:Result: Sequence: High Level Ordering of Strategies -> Success
DEBUG:root:Finish turn

DEBUG:root:Executing:Sequence: High Level Ordering of Strategies
DEBUG:root:Executing:AlwaysSucceed
DEBUG:root:Executing:Sequence: Defensive Strategy
DEBUG:root:Executing:LoopUntilFailed: Action: try_save_doomed_ally
DEBUG:root:Executing:Action: try_save_doomed_ally
DEBUG:root:Result: Action: try_save_doomed_ally -> Failure
DEBUG:root:Result: LoopUntilFailed: Action: try_save_doomed_ally -> Success
DEBUG:root:Result: Sequence: Defensive Strategy -> Success
DEBUG:root:Result: AlwaysSucceed -> Success
DEBUG:root:Executing:AlwaysSucceed
DEBUG:root:Executing:Sequence: Offensive Strategy
DEBUG:root:Executing:AlwaysSucceed
DEBUG:root:Executing:LoopUntilFailed
DEBUG:root:Executing:Sequence: Full Offense
DEBUG:root:Executing:Check: has_sufficiently_largest_fleet
DEBUG:root:Result: Check: has_sufficiently_largest_fleet -> Failure
DEBUG:root:Result: Sequence: Full Offense -> Failure
DEBUG:root:Result: LoopUntilFailed -> Success
DEBUG:root:Result: AlwaysSucceed -> Success
DEBUG:root:Executing:LoopUntilFailed: Action: try_steal_cheap_planet
DEBUG:root:Executing:Action: try_steal_cheap_planet
DEBUG:root:Result: Action: try_steal_cheap_planet -> Failure
DEBUG:root:Result: LoopUntilFailed: Action: try_steal_cheap_planet -> Success
DEBUG:root:Result: Sequence: Offensive Strategy -> Success
DEBUG:root:Result: AlwaysSucceed -> Success
DEBUG:root:Executing:Sequence: Spread Strategy
DEBUG:root:Executing:LoopUntilFailed: Action: spread_to_weakest_neutral_planet
DEBUG:root:Executing:Action: spread_to_weakest_neutral_planet
DEBUG:root:Order:1 5 16.0
DEBUG:root:Result: Action: spread_to_weakest_neutral_planet -> Success
DEBUG:root:Executing:Action: spread_to_weakest_neutral_planet
DEBUG:root:Result: Action: spread_to_weakest_neutral_planet -> Failure
DEBUG:root:Result: LoopUntilFailed: Action: spread_to_weakest_neutral_planet -> Success
DEBUG:root:Result: Sequence: Spread Strategy -> Success
DEBUG:root:Result: Sequence: High Level Ordering of Strategies -> Success
DEBUG:root:Finish turn

DEBUG:root:Executing:Sequence: High Level Ordering of Strategies
DEBUG:root:Executing:AlwaysSucceed
DEBUG:root:Executing:Sequence: Defensive Strategy
DEBUG:root:Executing:LoopUntilFailed: Action: try_save_doomed_ally
DEBUG:root:Executing:Action: try_save_doomed_ally
DEBUG:root:Result: Action: try_save_doomed_ally -> Failure
DEBUG:root:Result: LoopUntilFailed: Action: try_save_doomed_ally -> Success
DEBUG:root:Result: Sequence: Defensive Strategy -> Success
DEBUG:root:Result: AlwaysSucceed -> Success
DEBUG:root:Executing:AlwaysSucceed
DEBUG:root:Executing:Sequence: Offensive Strategy
DEBUG:root:Executing:AlwaysSucceed
DEBUG:root:Executing:LoopUntilFailed
DEBUG:root:Executing:Sequence: Full Offense
DEBUG:root:Executing:Check: has_sufficiently_largest_fleet
DEBUG:root:Result: Check: has_sufficiently_largest_fleet -> Failure
DEBUG:root:Result: Sequence: Full Offense -> Failure
DEBUG:root:Result: LoopUntilFailed -> Success
DEBUG:root:Result: AlwaysSucceed -> Success
DEBUG:root:Executing:LoopUntilFailed: Action: try_steal_cheap_planet
DEBUG:root:Executing:Action: try_steal_cheap_planet
DEBUG:root:Result: Action: try_steal_cheap_planet -> Failure
DEBUG:root:Result: LoopUntilFailed: Action: try_steal_cheap_planet -> Success
DEBUG:root:Result: Sequence: Offensive Strategy -> Success
DEBUG:root:Result: AlwaysSucceed -> Success
DEBUG:root:Executing:Sequence: Spread Strategy
DEBUG:root:Executing:LoopUntilFailed: Action: spread_to_weakest_neutral_planet
DEBUG:root:Executing:Action: spread_to_weakest_neutral_planet
DEBUG:root:Result: Action: spread_to_weakest_neutral_planet -> Failure
DEBUG:root:Result: LoopUntilFailed: Action: spread_to_weakest_neutral_planet -> Success
DEBUG:root:Result: Sequence: Spread Strategy -> Success
DEBUG:root:Result: Sequence: High Level Ordering of Strategies -> Success
DEBUG:root:Finish turn

DEBUG:root:Executing:Sequence: High Level Ordering of Strategies
DEBUG:root:Executing:AlwaysSucceed
DEBUG:root:Executing:Sequence: Defensive Strategy
DEBUG:root:Executing:LoopUntilFailed: Action: try_save_doomed_ally
DEBUG:root:Executing:Action: try_save_doomed_ally
DEBUG:root:Result: Action: try_save_doomed_ally -> Failure
DEBUG:root:Result: LoopUntilFailed: Action: try_save_doomed_ally -> Success
DEBUG:root:Result: Sequence: Defensive Strategy -> Success
DEBUG:root:Result: AlwaysSucceed -> Success
DEBUG:root:Executing:AlwaysSucceed
DEBUG:root:Executing:Sequence: Offensive Strategy
DEBUG:root:Executing:AlwaysSucceed
DEBUG:root:Executing:LoopUntilFailed
DEBUG:root:Executing:Sequence: Full Offense
DEBUG:root:Executing:Check: has_sufficiently_largest_fleet
DEBUG:root:Result: Check: has_sufficiently_largest_fleet -> Failure
DEBUG:root:Result: Sequence: Full Offense -> Failure
DEBUG:root:Result: LoopUntilFailed -> Success
DEBUG:root:Result: AlwaysSucceed -> Success
DEBUG:root:Executing:LoopUntilFailed: Action: try_steal_cheap_planet
DEBUG:root:Executing:Action: try_steal_cheap_planet
DEBUG:root:Result: Action: try_steal_cheap_planet -> Failure
DEBUG:root:Result: LoopUntilFailed: Action: try_steal_cheap_planet -> Success
DEBUG:root:Result: Sequence: Offensive Strategy -> Success
DEBUG:root:Result: AlwaysSucceed -> Success
DEBUG:root:Executing:Sequence: Spread Strategy
DEBUG:root:Executing:LoopUntilFailed: Action: spread_to_weakest_neutral_planet
DEBUG:root:Executing:Action: spread_to_weakest_neutral_planet
DEBUG:root:Result: Action: spread_to_weakest_neutral_planet -> Failure
DEBUG:root:Result: LoopUntilFailed: Action: spread_to_weakest_neutral_planet -> Success
DEBUG:root:Result: Sequence: Spread Strategy -> Success
DEBUG:root:Result: Sequence: High Level Ordering of Strategies -> Success
DEBUG:root:Finish turn

DEBUG:root:Executing:Sequence: High Level Ordering of Strategies
DEBUG:root:Executing:AlwaysSucceed
DEBUG:root:Executing:Sequence: Defensive Strategy
DEBUG:root:Executing:LoopUntilFailed: Action: try_save_doomed_ally
DEBUG:root:Executing:Action: try_save_doomed_ally
DEBUG:root:Result: Action: try_save_doomed_ally -> Failure
DEBUG:root:Result: LoopUntilFailed: Action: try_save_doomed_ally -> Success
DEBUG:root:Result: Sequence: Defensive Strategy -> Success
DEBUG:root:Result: AlwaysSucceed -> Success
DEBUG:root:Executing:AlwaysSucceed
DEBUG:root:Executing:Sequence: Offensive Strategy
DEBUG:root:Executing:AlwaysSucceed
DEBUG:root:Executing:LoopUntilFailed
DEBUG:root:Executing:Sequence: Full Offense
DEBUG:root:Executing:Check: has_sufficiently_largest_fleet
DEBUG:root:Result: Check: has_sufficiently_largest_fleet -> Failure
DEBUG:root:Result: Sequence: Full Offense -> Failure
DEBUG:root:Result: LoopUntilFailed -> Success
DEBUG:root:Result: AlwaysSucceed -> Success
DEBUG:root:Executing:LoopUntilFailed: Action: try_steal_cheap_planet
DEBUG:root:Executing:Action: try_steal_cheap_planet
DEBUG:root:Result: Action: try_steal_cheap_planet -> Failure
DEBUG:root:Result: LoopUntilFailed: Action: try_steal_cheap_planet -> Success
DEBUG:root:Result: Sequence: Offensive Strategy -> Success
DEBUG:root:Result: AlwaysSucceed -> Success
DEBUG:root:Executing:Sequence: Spread Strategy
DEBUG:root:Executing:LoopUntilFailed: Action: spread_to_weakest_neutral_planet
DEBUG:root:Executing:Action: spread_to_weakest_neutral_planet
DEBUG:root:Result: Action: spread_to_weakest_neutral_planet -> Failure
DEBUG:root:Result: LoopUntilFailed: Action: spread_to_weakest_neutral_planet -> Success
DEBUG:root:Result: Sequence: Spread Strategy -> Success
DEBUG:root:Result: Sequence: High Level Ordering of Strategies -> Success
DEBUG:root:Finish turn

DEBUG:root:Executing:Sequence: High Level Ordering of Strategies
DEBUG:root:Executing:AlwaysSucceed
DEBUG:root:Executing:Sequence: Defensive Strategy
DEBUG:root:Executing:LoopUntilFailed: Action: try_save_doomed_ally
DEBUG:root:Executing:Action: try_save_doomed_ally
DEBUG:root:Result: Action: try_save_doomed_ally -> Failure
DEBUG:root:Result: LoopUntilFailed: Action: try_save_doomed_ally -> Success
DEBUG:root:Result: Sequence: Defensive Strategy -> Success
DEBUG:root:Result: AlwaysSucceed -> Success
DEBUG:root:Executing:AlwaysSucceed
DEBUG:root:Executing:Sequence: Offensive Strategy
DEBUG:root:Executing:AlwaysSucceed
DEBUG:root:Executing:LoopUntilFailed
DEBUG:root:Executing:Sequence: Full Offense
DEBUG:root:Executing:Check: has_sufficiently_largest_fleet
DEBUG:root:Result: Check: has_sufficiently_largest_fleet -> Failure
DEBUG:root:Result: Sequence: Full Offense -> Failure
DEBUG:root:Result: LoopUntilFailed -> Success
DEBUG:root:Result: AlwaysSucceed -> Success
DEBUG:root:Executing:LoopUntilFailed: Action: try_steal_cheap_planet
DEBUG:root:Executing:Action: try_steal_cheap_planet
DEBUG:root:Result: Action: try_steal_cheap_planet -> Failure
DEBUG:root:Result: LoopUntilFailed: Action: try_steal_cheap_planet -> Success
DEBUG:root:Result: Sequence: Offensive Strategy -> Success
DEBUG:root:Result: AlwaysSucceed -> Success
DEBUG:root:Executing:Sequence: Spread Strategy
DEBUG:root:Executing:LoopUntilFailed: Action: spread_to_weakest_neutral_planet
DEBUG:root:Executing:Action: spread_to_weakest_neutral_planet
DEBUG:root:Order:21 6 5.0
DEBUG:root:Result: Action: spread_to_weakest_neutral_planet -> Success
DEBUG:root:Executing:Action: spread_to_weakest_neutral_planet
DEBUG:root:Result: Action: spread_to_weakest_neutral_planet -> Failure
DEBUG:root:Result: LoopUntilFailed: Action: spread_to_weakest_neutral_planet -> Success
DEBUG:root:Result: Sequence: Spread Strategy -> Success
DEBUG:root:Result: Sequence: High Level Ordering of Strategies -> Success
DEBUG:root:Finish turn

DEBUG:root:Executing:Sequence: High Level Ordering of Strategies
DEBUG:root:Executing:AlwaysSucceed
DEBUG:root:Executing:Sequence: Defensive Strategy
DEBUG:root:Executing:LoopUntilFailed: Action: try_save_doomed_ally
DEBUG:root:Executing:Action: try_save_doomed_ally
DEBUG:root:Result: Action: try_save_doomed_ally -> Failure
DEBUG:root:Result: LoopUntilFailed: Action: try_save_doomed_ally -> Success
DEBUG:root:Result: Sequence: Defensive Strategy -> Success
DEBUG:root:Result: AlwaysSucceed -> Success
DEBUG:root:Executing:AlwaysSucceed
DEBUG:root:Executing:Sequence: Offensive Strategy
DEBUG:root:Executing:AlwaysSucceed
DEBUG:root:Executing:LoopUntilFailed
DEBUG:root:Executing:Sequence: Full Offense
DEBUG:root:Executing:Check: has_sufficiently_largest_fleet
DEBUG:root:Result: Check: has_sufficiently_largest_fleet -> Failure
DEBUG:root:Result: Sequence: Full Offense -> Failure
DEBUG:root:Result: LoopUntilFailed -> Success
DEBUG:root:Result: AlwaysSucceed -> Success
DEBUG:root:Executing:LoopUntilFailed: Action: try_steal_cheap_planet
DEBUG:root:Executing:Action: try_steal_cheap_planet
DEBUG:root:Result: Action: try_steal_cheap_planet -> Failure
DEBUG:root:Result: LoopUntilFailed: Action: try_steal_cheap_planet -> Success
DEBUG:root:Result: Sequence: Offensive Strategy -> Success
DEBUG:root:Result: AlwaysSucceed -> Success
DEBUG:root:Executing:Sequence: Spread Strategy
DEBUG:root:Executing:LoopUntilFailed: Action: spread_to_weakest_neutral_planet
DEBUG:root:Executing:Action: spread_to_weakest_neutral_planet
DEBUG:root:Result: Action: spread_to_weakest_neutral_planet -> Failure
DEBUG:root:Result: LoopUntilFailed: Action: spread_to_weakest_neutral_planet -> Success
DEBUG:root:Result: Sequence: Spread Strategy -> Success
DEBUG:root:Result: Sequence: High Level Ordering of Strategies -> Success
DEBUG:root:Finish turn

DEBUG:root:Executing:Sequence: High Level Ordering of Strategies
DEBUG:root:Executing:AlwaysSucceed
DEBUG:root:Executing:Sequence: Defensive Strategy
DEBUG:root:Executing:LoopUntilFailed: Action: try_save_doomed_ally
DEBUG:root:Executing:Action: try_save_doomed_ally
DEBUG:root:Result: Action: try_save_doomed_ally -> Failure
DEBUG:root:Result: LoopUntilFailed: Action: try_save_doomed_ally -> Success
DEBUG:root:Result: Sequence: Defensive Strategy -> Success
DEBUG:root:Result: AlwaysSucceed -> Success
DEBUG:root:Executing:AlwaysSucceed
DEBUG:root:Executing:Sequence: Offensive Strategy
DEBUG:root:Executing:AlwaysSucceed
DEBUG:root:Executing:LoopUntilFailed
DEBUG:root:Executing:Sequence: Full Offense
DEBUG:root:Executing:Check: has_sufficiently_largest_fleet
DEBUG:root:Result: Check: has_sufficiently_largest_fleet -> Success
DEBUG:root:Executing:Action: attack_strong_and_vulnerable_enemy_planet
DEBUG:root:Order:1 2 16
DEBUG:root:Order:12 2 3.0
DEBUG:root:Result: Action: attack_strong_and_vulnerable_enemy_planet -> Success
DEBUG:root:Result: Sequence: Full Offense -> Success
DEBUG:root:Executing:Sequence: Full Offense
DEBUG:root:Executing:Check: has_sufficiently_largest_fleet
DEBUG:root:Result: Check: has_sufficiently_largest_fleet -> Failure
DEBUG:root:Result: Sequence: Full Offense -> Failure
DEBUG:root:Result: LoopUntilFailed -> Success
DEBUG:root:Result: AlwaysSucceed -> Success
DEBUG:root:Executing:LoopUntilFailed: Action: try_steal_cheap_planet
DEBUG:root:Executing:Action: try_steal_cheap_planet
DEBUG:root:Result: Action: try_steal_cheap_planet -> Failure
DEBUG:root:Result: LoopUntilFailed: Action: try_steal_cheap_planet -> Success
DEBUG:root:Result: Sequence: Offensive Strategy -> Success
DEBUG:root:Result: AlwaysSucceed -> Success
DEBUG:root:Executing:Sequence: Spread Strategy
DEBUG:root:Executing:LoopUntilFailed: Action: spread_to_weakest_neutral_planet
DEBUG:root:Executing:Action: spread_to_weakest_neutral_planet
DEBUG:root:Result: Action: spread_to_weakest_neutral_planet -> Failure
DEBUG:root:Result: LoopUntilFailed: Action: spread_to_weakest_neutral_planet -> Success
DEBUG:root:Result: Sequence: Spread Strategy -> Success
DEBUG:root:Result: Sequence: High Level Ordering of Strategies -> Success
DEBUG:root:Finish turn

DEBUG:root:Executing:Sequence: High Level Ordering of Strategies
DEBUG:root:Executing:AlwaysSucceed
DEBUG:root:Executing:Sequence: Defensive Strategy
DEBUG:root:Executing:LoopUntilFailed: Action: try_save_doomed_ally
DEBUG:root:Executing:Action: try_save_doomed_ally
DEBUG:root:Result: Action: try_save_doomed_ally -> Failure
DEBUG:root:Result: LoopUntilFailed: Action: try_save_doomed_ally -> Success
DEBUG:root:Result: Sequence: Defensive Strategy -> Success
DEBUG:root:Result: AlwaysSucceed -> Success
DEBUG:root:Executing:AlwaysSucceed
DEBUG:root:Executing:Sequence: Offensive Strategy
DEBUG:root:Executing:AlwaysSucceed
DEBUG:root:Executing:LoopUntilFailed
DEBUG:root:Executing:Sequence: Full Offense
DEBUG:root:Executing:Check: has_sufficiently_largest_fleet
DEBUG:root:Result: Check: has_sufficiently_largest_fleet -> Success
DEBUG:root:Executing:Action: attack_strong_and_vulnerable_enemy_planet
DEBUG:root:Order:11 2 31
DEBUG:root:Order:18 2 22
DEBUG:root:Order:1 2 21
DEBUG:root:Order:12 2 20
DEBUG:root:Order:21 2 16
DEBUG:root:Result: Action: attack_strong_and_vulnerable_enemy_planet -> Success
DEBUG:root:Result: Sequence: Full Offense -> Success
DEBUG:root:Executing:Sequence: Full Offense
DEBUG:root:Executing:Check: has_sufficiently_largest_fleet
DEBUG:root:Result: Check: has_sufficiently_largest_fleet -> Failure
DEBUG:root:Result: Sequence: Full Offense -> Failure
DEBUG:root:Result: LoopUntilFailed -> Success
DEBUG:root:Result: AlwaysSucceed -> Success
DEBUG:root:Executing:LoopUntilFailed: Action: try_steal_cheap_planet
DEBUG:root:Executing:Action: try_steal_cheap_planet
DEBUG:root:Result: Action: try_steal_cheap_planet -> Failure
DEBUG:root:Result: LoopUntilFailed: Action: try_steal_cheap_planet -> Success
DEBUG:root:Result: Sequence: Offensive Strategy -> Success
DEBUG:root:Result: AlwaysSucceed -> Success
DEBUG:root:Executing:Sequence: Spread Strategy
DEBUG:root:Executing:LoopUntilFailed: Action: spread_to_weakest_neutral_planet
DEBUG:root:Executing:Action: spread_to_weakest_neutral_planet
DEBUG:root:Result: Action: spread_to_weakest_neutral_planet -> Failure
DEBUG:root:Result: LoopUntilFailed: Action: spread_to_weakest_neutral_planet -> Success
DEBUG:root:Result: Sequence: Spread Strategy -> Success
DEBUG:root:Result: Sequence: High Level Ordering of Strategies -> Success
DEBUG:root:Finish turn

DEBUG:root:Executing:Sequence: High Level Ordering of Strategies
DEBUG:root:Executing:AlwaysSucceed
DEBUG:root:Executing:Sequence: Defensive Strategy
DEBUG:root:Executing:LoopUntilFailed: Action: try_save_doomed_ally
DEBUG:root:Executing:Action: try_save_doomed_ally
DEBUG:root:Result: Action: try_save_doomed_ally -> Failure
DEBUG:root:Result: LoopUntilFailed: Action: try_save_doomed_ally -> Success
DEBUG:root:Result: Sequence: Defensive Strategy -> Success
DEBUG:root:Result: AlwaysSucceed -> Success
DEBUG:root:Executing:AlwaysSucceed
DEBUG:root:Executing:Sequence: Offensive Strategy
DEBUG:root:Executing:AlwaysSucceed
DEBUG:root:Executing:LoopUntilFailed
DEBUG:root:Executing:Sequence: Full Offense
DEBUG:root:Executing:Check: has_sufficiently_largest_fleet
DEBUG:root:Result: Check: has_sufficiently_largest_fleet -> Failure
DEBUG:root:Result: Sequence: Full Offense -> Failure
DEBUG:root:Result: LoopUntilFailed -> Success
DEBUG:root:Result: AlwaysSucceed -> Success
DEBUG:root:Executing:LoopUntilFailed: Action: try_steal_cheap_planet
DEBUG:root:Executing:Action: try_steal_cheap_planet
DEBUG:root:Result: Action: try_steal_cheap_planet -> Failure
DEBUG:root:Result: LoopUntilFailed: Action: try_steal_cheap_planet -> Success
DEBUG:root:Result: Sequence: Offensive Strategy -> Success
DEBUG:root:Result: AlwaysSucceed -> Success
DEBUG:root:Executing:Sequence: Spread Strategy
DEBUG:root:Executing:LoopUntilFailed: Action: spread_to_weakest_neutral_planet
DEBUG:root:Executing:Action: spread_to_weakest_neutral_planet
DEBUG:root:Result: Action: spread_to_weakest_neutral_planet -> Failure
DEBUG:root:Result: LoopUntilFailed: Action: spread_to_weakest_neutral_planet -> Success
DEBUG:root:Result: Sequence: Spread Strategy -> Success
DEBUG:root:Result: Sequence: High Level Ordering of Strategies -> Success
DEBUG:root:Finish turn

DEBUG:root:Executing:Sequence: High Level Ordering of Strategies
DEBUG:root:Executing:AlwaysSucceed
DEBUG:root:Executing:Sequence: Defensive Strategy
DEBUG:root:Executing:LoopUntilFailed: Action: try_save_doomed_ally
DEBUG:root:Executing:Action: try_save_doomed_ally
DEBUG:root:Result: Action: try_save_doomed_ally -> Failure
DEBUG:root:Result: LoopUntilFailed: Action: try_save_doomed_ally -> Success
DEBUG:root:Result: Sequence: Defensive Strategy -> Success
DEBUG:root:Result: AlwaysSucceed -> Success
DEBUG:root:Executing:AlwaysSucceed
DEBUG:root:Executing:Sequence: Offensive Strategy
DEBUG:root:Executing:AlwaysSucceed
DEBUG:root:Executing:LoopUntilFailed
DEBUG:root:Executing:Sequence: Full Offense
DEBUG:root:Executing:Check: has_sufficiently_largest_fleet
DEBUG:root:Result: Check: has_sufficiently_largest_fleet -> Failure
DEBUG:root:Result: Sequence: Full Offense -> Failure
DEBUG:root:Result: LoopUntilFailed -> Success
DEBUG:root:Result: AlwaysSucceed -> Success
DEBUG:root:Executing:LoopUntilFailed: Action: try_steal_cheap_planet
DEBUG:root:Executing:Action: try_steal_cheap_planet
DEBUG:root:Result: Action: try_steal_cheap_planet -> Failure
DEBUG:root:Result: LoopUntilFailed: Action: try_steal_cheap_planet -> Success
DEBUG:root:Result: Sequence: Offensive Strategy -> Success
DEBUG:root:Result: AlwaysSucceed -> Success
DEBUG:root:Executing:Sequence: Spread Strategy
DEBUG:root:Executing:LoopUntilFailed: Action: spread_to_weakest_neutral_planet
DEBUG:root:Executing:Action: spread_to_weakest_neutral_planet
DEBUG:root:Result: Action: spread_to_weakest_neutral_planet -> Failure
DEBUG:root:Result: LoopUntilFailed: Action: spread_to_weakest_neutral_planet -> Success
DEBUG:root:Result: Sequence: Spread Strategy -> Success
DEBUG:root:Result: Sequence: High Level Ordering of Strategies -> Success
DEBUG:root:Finish turn

DEBUG:root:Executing:Sequence: High Level Ordering of Strategies
DEBUG:root:Executing:AlwaysSucceed
DEBUG:root:Executing:Sequence: Defensive Strategy
DEBUG:root:Executing:LoopUntilFailed: Action: try_save_doomed_ally
DEBUG:root:Executing:Action: try_save_doomed_ally
DEBUG:root:Order:12 17 4.0
DEBUG:root:Result: Action: try_save_doomed_ally -> Success
DEBUG:root:Executing:Action: try_save_doomed_ally
DEBUG:root:Result: Action: try_save_doomed_ally -> Failure
DEBUG:root:Result: LoopUntilFailed: Action: try_save_doomed_ally -> Success
DEBUG:root:Result: Sequence: Defensive Strategy -> Success
DEBUG:root:Result: AlwaysSucceed -> Success
DEBUG:root:Executing:AlwaysSucceed
DEBUG:root:Executing:Sequence: Offensive Strategy
DEBUG:root:Executing:AlwaysSucceed
DEBUG:root:Executing:LoopUntilFailed
DEBUG:root:Executing:Sequence: Full Offense
DEBUG:root:Executing:Check: has_sufficiently_largest_fleet
DEBUG:root:Result: Check: has_sufficiently_largest_fleet -> Failure
DEBUG:root:Result: Sequence: Full Offense -> Failure
DEBUG:root:Result: LoopUntilFailed -> Success
DEBUG:root:Result: AlwaysSucceed -> Success
DEBUG:root:Executing:LoopUntilFailed: Action: try_steal_cheap_planet
DEBUG:root:Executing:Action: try_steal_cheap_planet
DEBUG:root:Result: Action: try_steal_cheap_planet -> Failure
DEBUG:root:Result: LoopUntilFailed: Action: try_steal_cheap_planet -> Success
DEBUG:root:Result: Sequence: Offensive Strategy -> Success
DEBUG:root:Result: AlwaysSucceed -> Success
DEBUG:root:Executing:Sequence: Spread Strategy
DEBUG:root:Executing:LoopUntilFailed: Action: spread_to_weakest_neutral_planet
DEBUG:root:Executing:Action: spread_to_weakest_neutral_planet
DEBUG:root:Result: Action: spread_to_weakest_neutral_planet -> Failure
DEBUG:root:Result: LoopUntilFailed: Action: spread_to_weakest_neutral_planet -> Success
DEBUG:root:Result: Sequence: Spread Strategy -> Success
DEBUG:root:Result: Sequence: High Level Ordering of Strategies -> Success
DEBUG:root:Finish turn

DEBUG:root:Executing:Sequence: High Level Ordering of Strategies
DEBUG:root:Executing:AlwaysSucceed
DEBUG:root:Executing:Sequence: Defensive Strategy
DEBUG:root:Executing:LoopUntilFailed: Action: try_save_doomed_ally
DEBUG:root:Executing:Action: try_save_doomed_ally
DEBUG:root:Result: Action: try_save_doomed_ally -> Failure
DEBUG:root:Result: LoopUntilFailed: Action: try_save_doomed_ally -> Success
DEBUG:root:Result: Sequence: Defensive Strategy -> Success
DEBUG:root:Result: AlwaysSucceed -> Success
DEBUG:root:Executing:AlwaysSucceed
DEBUG:root:Executing:Sequence: Offensive Strategy
DEBUG:root:Executing:AlwaysSucceed
DEBUG:root:Executing:LoopUntilFailed
DEBUG:root:Executing:Sequence: Full Offense
DEBUG:root:Executing:Check: has_sufficiently_largest_fleet
DEBUG:root:Result: Check: has_sufficiently_largest_fleet -> Failure
DEBUG:root:Result: Sequence: Full Offense -> Failure
DEBUG:root:Result: LoopUntilFailed -> Success
DEBUG:root:Result: AlwaysSucceed -> Success
DEBUG:root:Executing:LoopUntilFailed: Action: try_steal_cheap_planet
DEBUG:root:Executing:Action: try_steal_cheap_planet
DEBUG:root:Result: Action: try_steal_cheap_planet -> Failure
DEBUG:root:Result: LoopUntilFailed: Action: try_steal_cheap_planet -> Success
DEBUG:root:Result: Sequence: Offensive Strategy -> Success
DEBUG:root:Result: AlwaysSucceed -> Success
DEBUG:root:Executing:Sequence: Spread Strategy
DEBUG:root:Executing:LoopUntilFailed: Action: spread_to_weakest_neutral_planet
DEBUG:root:Executing:Action: spread_to_weakest_neutral_planet
DEBUG:root:Result: Action: spread_to_weakest_neutral_planet -> Failure
DEBUG:root:Result: LoopUntilFailed: Action: spread_to_weakest_neutral_planet -> Success
DEBUG:root:Result: Sequence: Spread Strategy -> Success
DEBUG:root:Result: Sequence: High Level Ordering of Strategies -> Success
DEBUG:root:Finish turn

DEBUG:root:Executing:Sequence: High Level Ordering of Strategies
DEBUG:root:Executing:AlwaysSucceed
DEBUG:root:Executing:Sequence: Defensive Strategy
DEBUG:root:Executing:LoopUntilFailed: Action: try_save_doomed_ally
DEBUG:root:Executing:Action: try_save_doomed_ally
DEBUG:root:Result: Action: try_save_doomed_ally -> Failure
DEBUG:root:Result: LoopUntilFailed: Action: try_save_doomed_ally -> Success
DEBUG:root:Result: Sequence: Defensive Strategy -> Success
DEBUG:root:Result: AlwaysSucceed -> Success
DEBUG:root:Executing:AlwaysSucceed
DEBUG:root:Executing:Sequence: Offensive Strategy
DEBUG:root:Executing:AlwaysSucceed
DEBUG:root:Executing:LoopUntilFailed
DEBUG:root:Executing:Sequence: Full Offense
DEBUG:root:Executing:Check: has_sufficiently_largest_fleet
DEBUG:root:Result: Check: has_sufficiently_largest_fleet -> Failure
DEBUG:root:Result: Sequence: Full Offense -> Failure
DEBUG:root:Result: LoopUntilFailed -> Success
DEBUG:root:Result: AlwaysSucceed -> Success
DEBUG:root:Executing:LoopUntilFailed: Action: try_steal_cheap_planet
DEBUG:root:Executing:Action: try_steal_cheap_planet
DEBUG:root:Result: Action: try_steal_cheap_planet -> Failure
DEBUG:root:Result: LoopUntilFailed: Action: try_steal_cheap_planet -> Success
DEBUG:root:Result: Sequence: Offensive Strategy -> Success
DEBUG:root:Result: AlwaysSucceed -> Success
DEBUG:root:Executing:Sequence: Spread Strategy
DEBUG:root:Executing:LoopUntilFailed: Action: spread_to_weakest_neutral_planet
DEBUG:root:Executing:Action: spread_to_weakest_neutral_planet
DEBUG:root:Result: Action: spread_to_weakest_neutral_planet -> Failure
DEBUG:root:Result: LoopUntilFailed: Action: spread_to_weakest_neutral_planet -> Success
DEBUG:root:Result: Sequence: Spread Strategy -> Success
DEBUG:root:Result: Sequence: High Level Ordering of Strategies -> Success
DEBUG:root:Finish turn

DEBUG:root:Executing:Sequence: High Level Ordering of Strategies
DEBUG:root:Executing:AlwaysSucceed
DEBUG:root:Executing:Sequence: Defensive Strategy
DEBUG:root:Executing:LoopUntilFailed: Action: try_save_doomed_ally
DEBUG:root:Executing:Action: try_save_doomed_ally
DEBUG:root:Result: Action: try_save_doomed_ally -> Failure
DEBUG:root:Result: LoopUntilFailed: Action: try_save_doomed_ally -> Success
DEBUG:root:Result: Sequence: Defensive Strategy -> Success
DEBUG:root:Result: AlwaysSucceed -> Success
DEBUG:root:Executing:AlwaysSucceed
DEBUG:root:Executing:Sequence: Offensive Strategy
DEBUG:root:Executing:AlwaysSucceed
DEBUG:root:Executing:LoopUntilFailed
DEBUG:root:Executing:Sequence: Full Offense
DEBUG:root:Executing:Check: has_sufficiently_largest_fleet
DEBUG:root:Result: Check: has_sufficiently_largest_fleet -> Success
DEBUG:root:Executing:Action: attack_strong_and_vulnerable_enemy_planet
DEBUG:root:Order:11 9 16
DEBUG:root:Order:1 9 4.0
DEBUG:root:Result: Action: attack_strong_and_vulnerable_enemy_planet -> Success
DEBUG:root:Result: Sequence: Full Offense -> Success
DEBUG:root:Executing:Sequence: Full Offense
DEBUG:root:Executing:Check: has_sufficiently_largest_fleet
DEBUG:root:Result: Check: has_sufficiently_largest_fleet -> Failure
DEBUG:root:Result: Sequence: Full Offense -> Failure
DEBUG:root:Result: LoopUntilFailed -> Success
DEBUG:root:Result: AlwaysSucceed -> Success
DEBUG:root:Executing:LoopUntilFailed: Action: try_steal_cheap_planet
DEBUG:root:Executing:Action: try_steal_cheap_planet
DEBUG:root:Result: Action: try_steal_cheap_planet -> Failure
DEBUG:root:Result: LoopUntilFailed: Action: try_steal_cheap_planet -> Success
DEBUG:root:Result: Sequence: Offensive Strategy -> Success
DEBUG:root:Result: AlwaysSucceed -> Success
DEBUG:root:Executing:Sequence: Spread Strategy
DEBUG:root:Executing:LoopUntilFailed: Action: spread_to_weakest_neutral_planet
DEBUG:root:Executing:Action: spread_to_weakest_neutral_planet
DEBUG:root:Result: Action: spread_to_weakest_neutral_planet -> Failure
DEBUG:root:Result: LoopUntilFailed: Action: spread_to_weakest_neutral_planet -> Success
DEBUG:root:Result: Sequence: Spread Strategy -> Success
DEBUG:root:Result: Sequence: High Level Ordering of Strategies -> Success
DEBUG:root:Finish turn

DEBUG:root:Executing:Sequence: High Level Ordering of Strategies
DEBUG:root:Executing:AlwaysSucceed
DEBUG:root:Executing:Sequence: Defensive Strategy
DEBUG:root:Executing:LoopUntilFailed: Action: try_save_doomed_ally
DEBUG:root:Executing:Action: try_save_doomed_ally
DEBUG:root:Result: Action: try_save_doomed_ally -> Failure
DEBUG:root:Result: LoopUntilFailed: Action: try_save_doomed_ally -> Success
DEBUG:root:Result: Sequence: Defensive Strategy -> Success
DEBUG:root:Result: AlwaysSucceed -> Success
DEBUG:root:Executing:AlwaysSucceed
DEBUG:root:Executing:Sequence: Offensive Strategy
DEBUG:root:Executing:AlwaysSucceed
DEBUG:root:Executing:LoopUntilFailed
DEBUG:root:Executing:Sequence: Full Offense
DEBUG:root:Executing:Check: has_sufficiently_largest_fleet
DEBUG:root:Result: Check: has_sufficiently_largest_fleet -> Failure
DEBUG:root:Result: Sequence: Full Offense -> Failure
DEBUG:root:Result: LoopUntilFailed -> Success
DEBUG:root:Result: AlwaysSucceed -> Success
DEBUG:root:Executing:LoopUntilFailed: Action: try_steal_cheap_planet
DEBUG:root:Executing:Action: try_steal_cheap_planet
DEBUG:root:Result: Action: try_steal_cheap_planet -> Failure
DEBUG:root:Result: LoopUntilFailed: Action: try_steal_cheap_planet -> Success
DEBUG:root:Result: Sequence: Offensive Strategy -> Success
DEBUG:root:Result: AlwaysSucceed -> Success
DEBUG:root:Executing:Sequence: Spread Strategy
DEBUG:root:Executing:LoopUntilFailed: Action: spread_to_weakest_neutral_planet
DEBUG:root:Executing:Action: spread_to_weakest_neutral_planet
DEBUG:root:Result: Action: spread_to_weakest_neutral_planet -> Failure
DEBUG:root:Result: LoopUntilFailed: Action: spread_to_weakest_neutral_planet -> Success
DEBUG:root:Result: Sequence: Spread Strategy -> Success
DEBUG:root:Result: Sequence: High Level Ordering of Strategies -> Success
DEBUG:root:Finish turn

DEBUG:root:Executing:Sequence: High Level Ordering of Strategies
DEBUG:root:Executing:AlwaysSucceed
DEBUG:root:Executing:Sequence: Defensive Strategy
DEBUG:root:Executing:LoopUntilFailed: Action: try_save_doomed_ally
DEBUG:root:Executing:Action: try_save_doomed_ally
DEBUG:root:Result: Action: try_save_doomed_ally -> Failure
DEBUG:root:Result: LoopUntilFailed: Action: try_save_doomed_ally -> Success
DEBUG:root:Result: Sequence: Defensive Strategy -> Success
DEBUG:root:Result: AlwaysSucceed -> Success
DEBUG:root:Executing:AlwaysSucceed
DEBUG:root:Executing:Sequence: Offensive Strategy
DEBUG:root:Executing:AlwaysSucceed
DEBUG:root:Executing:LoopUntilFailed
DEBUG:root:Executing:Sequence: Full Offense
DEBUG:root:Executing:Check: has_sufficiently_largest_fleet
DEBUG:root:Result: Check: has_sufficiently_largest_fleet -> Success
DEBUG:root:Executing:Action: attack_strong_and_vulnerable_enemy_planet
DEBUG:root:Order:1 9 18
DEBUG:root:Order:12 9 6.0
DEBUG:root:Result: Action: attack_strong_and_vulnerable_enemy_planet -> Success
DEBUG:root:Result: Sequence: Full Offense -> Success
DEBUG:root:Executing:Sequence: Full Offense
DEBUG:root:Executing:Check: has_sufficiently_largest_fleet
DEBUG:root:Result: Check: has_sufficiently_largest_fleet -> Failure
DEBUG:root:Result: Sequence: Full Offense -> Failure
DEBUG:root:Result: LoopUntilFailed -> Success
DEBUG:root:Result: AlwaysSucceed -> Success
DEBUG:root:Executing:LoopUntilFailed: Action: try_steal_cheap_planet
DEBUG:root:Executing:Action: try_steal_cheap_planet
DEBUG:root:Order:1 9 2.0
DEBUG:root:Result: Action: try_steal_cheap_planet -> Success
DEBUG:root:Executing:Action: try_steal_cheap_planet
DEBUG:root:Result: Action: try_steal_cheap_planet -> Failure
DEBUG:root:Result: LoopUntilFailed: Action: try_steal_cheap_planet -> Success
DEBUG:root:Result: Sequence: Offensive Strategy -> Success
DEBUG:root:Result: AlwaysSucceed -> Success
DEBUG:root:Executing:Sequence: Spread Strategy
DEBUG:root:Executing:LoopUntilFailed: Action: spread_to_weakest_neutral_planet
DEBUG:root:Executing:Action: spread_to_weakest_neutral_planet
DEBUG:root:Order:1 0 5.0
DEBUG:root:Result: Action: spread_to_weakest_neutral_planet -> Success
DEBUG:root:Executing:Action: spread_to_weakest_neutral_planet
DEBUG:root:Result: Action: spread_to_weakest_neutral_planet -> Failure
DEBUG:root:Result: LoopUntilFailed: Action: spread_to_weakest_neutral_planet -> Success
DEBUG:root:Result: Sequence: Spread Strategy -> Success
DEBUG:root:Result: Sequence: High Level Ordering of Strategies -> Success
DEBUG:root:Finish turn

DEBUG:root:Executing:Sequence: High Level Ordering of Strategies
DEBUG:root:Executing:AlwaysSucceed
DEBUG:root:Executing:Sequence: Defensive Strategy
DEBUG:root:Executing:LoopUntilFailed: Action: try_save_doomed_ally
DEBUG:root:Executing:Action: try_save_doomed_ally
DEBUG:root:Result: Action: try_save_doomed_ally -> Failure
DEBUG:root:Result: LoopUntilFailed: Action: try_save_doomed_ally -> Success
DEBUG:root:Result: Sequence: Defensive Strategy -> Success
DEBUG:root:Result: AlwaysSucceed -> Success
DEBUG:root:Executing:AlwaysSucceed
DEBUG:root:Executing:Sequence: Offensive Strategy
DEBUG:root:Executing:AlwaysSucceed
DEBUG:root:Executing:LoopUntilFailed
DEBUG:root:Executing:Sequence: Full Offense
DEBUG:root:Executing:Check: has_sufficiently_largest_fleet
DEBUG:root:Result: Check: has_sufficiently_largest_fleet -> Success
DEBUG:root:Executing:Action: attack_strong_and_vulnerable_enemy_planet
DEBUG:root:Result: Action: attack_strong_and_vulnerable_enemy_planet -> Failure
DEBUG:root:Result: Sequence: Full Offense -> Failure
DEBUG:root:Result: LoopUntilFailed -> Success
DEBUG:root:Result: AlwaysSucceed -> Success
DEBUG:root:Executing:LoopUntilFailed: Action: try_steal_cheap_planet
DEBUG:root:Executing:Action: try_steal_cheap_planet
DEBUG:root:Result: Action: try_steal_cheap_planet -> Failure
DEBUG:root:Result: LoopUntilFailed: Action: try_steal_cheap_planet -> Success
DEBUG:root:Result: Sequence: Offensive Strategy -> Success
DEBUG:root:Result: AlwaysSucceed -> Success
DEBUG:root:Executing:Sequence: Spread Strategy
DEBUG:root:Executing:LoopUntilFailed: Action: spread_to_weakest_neutral_planet
DEBUG:root:Executing:Action: spread_to_weakest_neutral_planet
DEBUG:root:Result: Action: spread_to_weakest_neutral_planet -> Failure
DEBUG:root:Result: LoopUntilFailed: Action: spread_to_weakest_neutral_planet -> Success
DEBUG:root:Result: Sequence: Spread Strategy -> Success
DEBUG:root:Result: Sequence: High Level Ordering of Strategies -> Success
DEBUG:root:Finish turn

DEBUG:root:Executing:Sequence: High Level Ordering of Strategies
DEBUG:root:Executing:AlwaysSucceed
DEBUG:root:Executing:Sequence: Defensive Strategy
DEBUG:root:Executing:LoopUntilFailed: Action: try_save_doomed_ally
DEBUG:root:Executing:Action: try_save_doomed_ally
DEBUG:root:Result: Action: try_save_doomed_ally -> Failure
DEBUG:root:Result: LoopUntilFailed: Action: try_save_doomed_ally -> Success
DEBUG:root:Result: Sequence: Defensive Strategy -> Success
DEBUG:root:Result: AlwaysSucceed -> Success
DEBUG:root:Executing:AlwaysSucceed
DEBUG:root:Executing:Sequence: Offensive Strategy
DEBUG:root:Executing:AlwaysSucceed
DEBUG:root:Executing:LoopUntilFailed
DEBUG:root:Executing:Sequence: Full Offense
DEBUG:root:Executing:Check: has_sufficiently_largest_fleet
DEBUG:root:Result: Check: has_sufficiently_largest_fleet -> Success
DEBUG:root:Executing:Action: attack_strong_and_vulnerable_enemy_planet
DEBUG:root:Result: Action: attack_strong_and_vulnerable_enemy_planet -> Failure
DEBUG:root:Result: Sequence: Full Offense -> Failure
DEBUG:root:Result: LoopUntilFailed -> Success
DEBUG:root:Result: AlwaysSucceed -> Success
DEBUG:root:Executing:LoopUntilFailed: Action: try_steal_cheap_planet
DEBUG:root:Executing:Action: try_steal_cheap_planet
DEBUG:root:Result: Action: try_steal_cheap_planet -> Failure
DEBUG:root:Result: LoopUntilFailed: Action: try_steal_cheap_planet -> Success
DEBUG:root:Result: Sequence: Offensive Strategy -> Success
DEBUG:root:Result: AlwaysSucceed -> Success
DEBUG:root:Executing:Sequence: Spread Strategy
DEBUG:root:Executing:LoopUntilFailed: Action: spread_to_weakest_neutral_planet
DEBUG:root:Executing:Action: spread_to_weakest_neutral_planet
DEBUG:root:Result: Action: spread_to_weakest_neutral_planet -> Failure
DEBUG:root:Result: LoopUntilFailed: Action: spread_to_weakest_neutral_planet -> Success
DEBUG:root:Result: Sequence: Spread Strategy -> Success
DEBUG:root:Result: Sequence: High Level Ordering of Strategies -> Success
DEBUG:root:Finish turn

DEBUG:root:Executing:Sequence: High Level Ordering of Strategies
DEBUG:root:Executing:AlwaysSucceed
DEBUG:root:Executing:Sequence: Defensive Strategy
DEBUG:root:Executing:LoopUntilFailed: Action: try_save_doomed_ally
DEBUG:root:Executing:Action: try_save_doomed_ally
DEBUG:root:Order:2 17 4.0
DEBUG:root:Result: Action: try_save_doomed_ally -> Success
DEBUG:root:Executing:Action: try_save_doomed_ally
DEBUG:root:Result: Action: try_save_doomed_ally -> Failure
DEBUG:root:Result: LoopUntilFailed: Action: try_save_doomed_ally -> Success
DEBUG:root:Result: Sequence: Defensive Strategy -> Success
DEBUG:root:Result: AlwaysSucceed -> Success
DEBUG:root:Executing:AlwaysSucceed
DEBUG:root:Executing:Sequence: Offensive Strategy
DEBUG:root:Executing:AlwaysSucceed
DEBUG:root:Executing:LoopUntilFailed
DEBUG:root:Executing:Sequence: Full Offense
DEBUG:root:Executing:Check: has_sufficiently_largest_fleet
DEBUG:root:Result: Check: has_sufficiently_largest_fleet -> Success
DEBUG:root:Executing:Action: attack_strong_and_vulnerable_enemy_planet
DEBUG:root:Result: Action: attack_strong_and_vulnerable_enemy_planet -> Failure
DEBUG:root:Result: Sequence: Full Offense -> Failure
DEBUG:root:Result: LoopUntilFailed -> Success
DEBUG:root:Result: AlwaysSucceed -> Success
DEBUG:root:Executing:LoopUntilFailed: Action: try_steal_cheap_planet
DEBUG:root:Executing:Action: try_steal_cheap_planet
DEBUG:root:Result: Action: try_steal_cheap_planet -> Failure
DEBUG:root:Result: LoopUntilFailed: Action: try_steal_cheap_planet -> Success
DEBUG:root:Result: Sequence: Offensive Strategy -> Success
DEBUG:root:Result: AlwaysSucceed -> Success
DEBUG:root:Executing:Sequence: Spread Strategy
DEBUG:root:Executing:LoopUntilFailed: Action: spread_to_weakest_neutral_planet
DEBUG:root:Executing:Action: spread_to_weakest_neutral_planet
DEBUG:root:Result: Action: spread_to_weakest_neutral_planet -> Failure
DEBUG:root:Result: LoopUntilFailed: Action: spread_to_weakest_neutral_planet -> Success
DEBUG:root:Result: Sequence: Spread Strategy -> Success
DEBUG:root:Result: Sequence: High Level Ordering of Strategies -> Success
DEBUG:root:Finish turn

DEBUG:root:Executing:Sequence: High Level Ordering of Strategies
DEBUG:root:Executing:AlwaysSucceed
DEBUG:root:Executing:Sequence: Defensive Strategy
DEBUG:root:Executing:LoopUntilFailed: Action: try_save_doomed_ally
DEBUG:root:Executing:Action: try_save_doomed_ally
DEBUG:root:Result: Action: try_save_doomed_ally -> Failure
DEBUG:root:Result: LoopUntilFailed: Action: try_save_doomed_ally -> Success
DEBUG:root:Result: Sequence: Defensive Strategy -> Success
DEBUG:root:Result: AlwaysSucceed -> Success
DEBUG:root:Executing:AlwaysSucceed
DEBUG:root:Executing:Sequence: Offensive Strategy
DEBUG:root:Executing:AlwaysSucceed
DEBUG:root:Executing:LoopUntilFailed
DEBUG:root:Executing:Sequence: Full Offense
DEBUG:root:Executing:Check: has_sufficiently_largest_fleet
DEBUG:root:Result: Check: has_sufficiently_largest_fleet -> Success
DEBUG:root:Executing:Action: attack_strong_and_vulnerable_enemy_planet
DEBUG:root:Result: Action: attack_strong_and_vulnerable_enemy_planet -> Failure
DEBUG:root:Result: Sequence: Full Offense -> Failure
DEBUG:root:Result: LoopUntilFailed -> Success
DEBUG:root:Result: AlwaysSucceed -> Success
DEBUG:root:Executing:LoopUntilFailed: Action: try_steal_cheap_planet
DEBUG:root:Executing:Action: try_steal_cheap_planet
DEBUG:root:Result: Action: try_steal_cheap_planet -> Failure
DEBUG:root:Result: LoopUntilFailed: Action: try_steal_cheap_planet -> Success
DEBUG:root:Result: Sequence: Offensive Strategy -> Success
DEBUG:root:Result: AlwaysSucceed -> Success
DEBUG:root:Executing:Sequence: Spread Strategy
DEBUG:root:Executing:LoopUntilFailed: Action: spread_to_weakest_neutral_planet
DEBUG:root:Executing:Action: spread_to_weakest_neutral_planet
DEBUG:root:Result: Action: spread_to_weakest_neutral_planet -> Failure
DEBUG:root:Result: LoopUntilFailed: Action: spread_to_weakest_neutral_planet -> Success
DEBUG:root:Result: Sequence: Spread Strategy -> Success
DEBUG:root:Result: Sequence: High Level Ordering of Strategies -> Success
DEBUG:root:Finish turn

DEBUG:root:Executing:Sequence: High Level Ordering of Strategies
DEBUG:root:Executing:AlwaysSucceed
DEBUG:root:Executing:Sequence: Defensive Strategy
DEBUG:root:Executing:LoopUntilFailed: Action: try_save_doomed_ally
DEBUG:root:Executing:Action: try_save_doomed_ally
DEBUG:root:Result: Action: try_save_doomed_ally -> Failure
DEBUG:root:Result: LoopUntilFailed: Action: try_save_doomed_ally -> Success
DEBUG:root:Result: Sequence: Defensive Strategy -> Success
DEBUG:root:Result: AlwaysSucceed -> Success
DEBUG:root:Executing:AlwaysSucceed
DEBUG:root:Executing:Sequence: Offensive Strategy
DEBUG:root:Executing:AlwaysSucceed
DEBUG:root:Executing:LoopUntilFailed
DEBUG:root:Executing:Sequence: Full Offense
DEBUG:root:Executing:Check: has_sufficiently_largest_fleet
DEBUG:root:Result: Check: has_sufficiently_largest_fleet -> Success
DEBUG:root:Executing:Action: attack_strong_and_vulnerable_enemy_planet
DEBUG:root:Result: Action: attack_strong_and_vulnerable_enemy_planet -> Failure
DEBUG:root:Result: Sequence: Full Offense -> Failure
DEBUG:root:Result: LoopUntilFailed -> Success
DEBUG:root:Result: AlwaysSucceed -> Success
DEBUG:root:Executing:LoopUntilFailed: Action: try_steal_cheap_planet
DEBUG:root:Executing:Action: try_steal_cheap_planet
DEBUG:root:Result: Action: try_steal_cheap_planet -> Failure
DEBUG:root:Result: LoopUntilFailed: Action: try_steal_cheap_planet -> Success
DEBUG:root:Result: Sequence: Offensive Strategy -> Success
DEBUG:root:Result: AlwaysSucceed -> Success
DEBUG:root:Executing:Sequence: Spread Strategy
DEBUG:root:Executing:LoopUntilFailed: Action: spread_to_weakest_neutral_planet
DEBUG:root:Executing:Action: spread_to_weakest_neutral_planet
DEBUG:root:Result: Action: spread_to_weakest_neutral_planet -> Failure
DEBUG:root:Result: LoopUntilFailed: Action: spread_to_weakest_neutral_planet -> Success
DEBUG:root:Result: Sequence: Spread Strategy -> Success
DEBUG:root:Result: Sequence: High Level Ordering of Strategies -> Success
DEBUG:root:Finish turn

DEBUG:root:Executing:Sequence: High Level Ordering of Strategies
DEBUG:root:Executing:AlwaysSucceed
DEBUG:root:Executing:Sequence: Defensive Strategy
DEBUG:root:Executing:LoopUntilFailed: Action: try_save_doomed_ally
DEBUG:root:Executing:Action: try_save_doomed_ally
DEBUG:root:Result: Action: try_save_doomed_ally -> Failure
DEBUG:root:Result: LoopUntilFailed: Action: try_save_doomed_ally -> Success
DEBUG:root:Result: Sequence: Defensive Strategy -> Success
DEBUG:root:Result: AlwaysSucceed -> Success
DEBUG:root:Executing:AlwaysSucceed
DEBUG:root:Executing:Sequence: Offensive Strategy
DEBUG:root:Executing:AlwaysSucceed
DEBUG:root:Executing:LoopUntilFailed
DEBUG:root:Executing:Sequence: Full Offense
DEBUG:root:Executing:Check: has_sufficiently_largest_fleet
DEBUG:root:Result: Check: has_sufficiently_largest_fleet -> Success
DEBUG:root:Executing:Action: attack_strong_and_vulnerable_enemy_planet
DEBUG:root:Result: Action: attack_strong_and_vulnerable_enemy_planet -> Failure
DEBUG:root:Result: Sequence: Full Offense -> Failure
DEBUG:root:Result: LoopUntilFailed -> Success
DEBUG:root:Result: AlwaysSucceed -> Success
DEBUG:root:Executing:LoopUntilFailed: Action: try_steal_cheap_planet
DEBUG:root:Executing:Action: try_steal_cheap_planet
DEBUG:root:Result: Action: try_steal_cheap_planet -> Failure
DEBUG:root:Result: LoopUntilFailed: Action: try_steal_cheap_planet -> Success
DEBUG:root:Result: Sequence: Offensive Strategy -> Success
DEBUG:root:Result: AlwaysSucceed -> Success
DEBUG:root:Executing:Sequence: Spread Strategy
DEBUG:root:Executing:LoopUntilFailed: Action: spread_to_weakest_neutral_planet
DEBUG:root:Executing:Action: spread_to_weakest_neutral_planet
DEBUG:root:Order:12 22 59.0
DEBUG:root:Result: Action: spread_to_weakest_neutral_planet -> Success
DEBUG:root:Executing:Action: spread_to_weakest_neutral_planet
DEBUG:root:Result: Action: spread_to_weakest_neutral_planet -> Failure
DEBUG:root:Result: LoopUntilFailed: Action: spread_to_weakest_neutral_planet -> Success
DEBUG:root:Result: Sequence: Spread Strategy -> Success
DEBUG:root:Result: Sequence: High Level Ordering of Strategies -> Success
DEBUG:root:Finish turn

DEBUG:root:Executing:Sequence: High Level Ordering of Strategies
DEBUG:root:Executing:AlwaysSucceed
DEBUG:root:Executing:Sequence: Defensive Strategy
DEBUG:root:Executing:LoopUntilFailed: Action: try_save_doomed_ally
DEBUG:root:Executing:Action: try_save_doomed_ally
DEBUG:root:Result: Action: try_save_doomed_ally -> Failure
DEBUG:root:Result: LoopUntilFailed: Action: try_save_doomed_ally -> Success
DEBUG:root:Result: Sequence: Defensive Strategy -> Success
DEBUG:root:Result: AlwaysSucceed -> Success
DEBUG:root:Executing:AlwaysSucceed
DEBUG:root:Executing:Sequence: Offensive Strategy
DEBUG:root:Executing:AlwaysSucceed
DEBUG:root:Executing:LoopUntilFailed
DEBUG:root:Executing:Sequence: Full Offense
DEBUG:root:Executing:Check: has_sufficiently_largest_fleet
DEBUG:root:Result: Check: has_sufficiently_largest_fleet -> Success
DEBUG:root:Executing:Action: attack_strong_and_vulnerable_enemy_planet
DEBUG:root:Result: Action: attack_strong_and_vulnerable_enemy_planet -> Failure
DEBUG:root:Result: Sequence: Full Offense -> Failure
DEBUG:root:Result: LoopUntilFailed -> Success
DEBUG:root:Result: AlwaysSucceed -> Success
DEBUG:root:Executing:LoopUntilFailed: Action: try_steal_cheap_planet
DEBUG:root:Executing:Action: try_steal_cheap_planet
DEBUG:root:Result: Action: try_steal_cheap_planet -> Failure
DEBUG:root:Result: LoopUntilFailed: Action: try_steal_cheap_planet -> Success
DEBUG:root:Result: Sequence: Offensive Strategy -> Success
DEBUG:root:Result: AlwaysSucceed -> Success
DEBUG:root:Executing:Sequence: Spread Strategy
DEBUG:root:Executing:LoopUntilFailed: Action: spread_to_weakest_neutral_planet
DEBUG:root:Executing:Action: spread_to_weakest_neutral_planet
DEBUG:root:Order:11 19 56.0
DEBUG:root:Result: Action: spread_to_weakest_neutral_planet -> Success
DEBUG:root:Executing:Action: spread_to_weakest_neutral_planet
DEBUG:root:Result: Action: spread_to_weakest_neutral_planet -> Failure
DEBUG:root:Result: LoopUntilFailed: Action: spread_to_weakest_neutral_planet -> Success
DEBUG:root:Result: Sequence: Spread Strategy -> Success
DEBUG:root:Result: Sequence: High Level Ordering of Strategies -> Success
DEBUG:root:Finish turn

DEBUG:root:Executing:Sequence: High Level Ordering of Strategies
DEBUG:root:Executing:AlwaysSucceed
DEBUG:root:Executing:Sequence: Defensive Strategy
DEBUG:root:Executing:LoopUntilFailed: Action: try_save_doomed_ally
DEBUG:root:Executing:Action: try_save_doomed_ally
DEBUG:root:Result: Action: try_save_doomed_ally -> Failure
DEBUG:root:Result: LoopUntilFailed: Action: try_save_doomed_ally -> Success
DEBUG:root:Result: Sequence: Defensive Strategy -> Success
DEBUG:root:Result: AlwaysSucceed -> Success
DEBUG:root:Executing:AlwaysSucceed
DEBUG:root:Executing:Sequence: Offensive Strategy
DEBUG:root:Executing:AlwaysSucceed
DEBUG:root:Executing:LoopUntilFailed
DEBUG:root:Executing:Sequence: Full Offense
DEBUG:root:Executing:Check: has_sufficiently_largest_fleet
DEBUG:root:Result: Check: has_sufficiently_largest_fleet -> Success
DEBUG:root:Executing:Action: attack_strong_and_vulnerable_enemy_planet
DEBUG:root:Result: Action: attack_strong_and_vulnerable_enemy_planet -> Failure
DEBUG:root:Result: Sequence: Full Offense -> Failure
DEBUG:root:Result: LoopUntilFailed -> Success
DEBUG:root:Result: AlwaysSucceed -> Success
DEBUG:root:Executing:LoopUntilFailed: Action: try_steal_cheap_planet
DEBUG:root:Executing:Action: try_steal_cheap_planet
DEBUG:root:Result: Action: try_steal_cheap_planet -> Failure
DEBUG:root:Result: LoopUntilFailed: Action: try_steal_cheap_planet -> Success
DEBUG:root:Result: Sequence: Offensive Strategy -> Success
DEBUG:root:Result: AlwaysSucceed -> Success
DEBUG:root:Executing:Sequence: Spread Strategy
DEBUG:root:Executing:LoopUntilFailed: Action: spread_to_weakest_neutral_planet
DEBUG:root:Executing:Action: spread_to_weakest_neutral_planet
DEBUG:root:Result: Action: spread_to_weakest_neutral_planet -> Failure
DEBUG:root:Result: LoopUntilFailed: Action: spread_to_weakest_neutral_planet -> Success
DEBUG:root:Result: Sequence: Spread Strategy -> Success
DEBUG:root:Result: Sequence: High Level Ordering of Strategies -> Success
DEBUG:root:Finish turn

DEBUG:root:Executing:Sequence: High Level Ordering of Strategies
DEBUG:root:Executing:AlwaysSucceed
DEBUG:root:Executing:Sequence: Defensive Strategy
DEBUG:root:Executing:LoopUntilFailed: Action: try_save_doomed_ally
DEBUG:root:Executing:Action: try_save_doomed_ally
DEBUG:root:Result: Action: try_save_doomed_ally -> Failure
DEBUG:root:Result: LoopUntilFailed: Action: try_save_doomed_ally -> Success
DEBUG:root:Result: Sequence: Defensive Strategy -> Success
DEBUG:root:Result: AlwaysSucceed -> Success
DEBUG:root:Executing:AlwaysSucceed
DEBUG:root:Executing:Sequence: Offensive Strategy
DEBUG:root:Executing:AlwaysSucceed
DEBUG:root:Executing:LoopUntilFailed
DEBUG:root:Executing:Sequence: Full Offense
DEBUG:root:Executing:Check: has_sufficiently_largest_fleet
DEBUG:root:Result: Check: has_sufficiently_largest_fleet -> Success
DEBUG:root:Executing:Action: attack_strong_and_vulnerable_enemy_planet
DEBUG:root:Result: Action: attack_strong_and_vulnerable_enemy_planet -> Failure
DEBUG:root:Result: Sequence: Full Offense -> Failure
DEBUG:root:Result: LoopUntilFailed -> Success
DEBUG:root:Result: AlwaysSucceed -> Success
DEBUG:root:Executing:LoopUntilFailed: Action: try_steal_cheap_planet
DEBUG:root:Executing:Action: try_steal_cheap_planet
DEBUG:root:Result: Action: try_steal_cheap_planet -> Failure
DEBUG:root:Result: LoopUntilFailed: Action: try_steal_cheap_planet -> Success
DEBUG:root:Result: Sequence: Offensive Strategy -> Success
DEBUG:root:Result: AlwaysSucceed -> Success
DEBUG:root:Executing:Sequence: Spread Strategy
DEBUG:root:Executing:LoopUntilFailed: Action: spread_to_weakest_neutral_planet
DEBUG:root:Executing:Action: spread_to_weakest_neutral_planet
DEBUG:root:Order:2 16 60.0
DEBUG:root:Result: Action: spread_to_weakest_neutral_planet -> Success
DEBUG:root:Executing:Action: spread_to_weakest_neutral_planet
DEBUG:root:Result: Action: spread_to_weakest_neutral_planet -> Failure
DEBUG:root:Result: LoopUntilFailed: Action: spread_to_weakest_neutral_planet -> Success
DEBUG:root:Result: Sequence: Spread Strategy -> Success
DEBUG:root:Result: Sequence: High Level Ordering of Strategies -> Success
DEBUG:root:Finish turn

DEBUG:root:Executing:Sequence: High Level Ordering of Strategies
DEBUG:root:Executing:AlwaysSucceed
DEBUG:root:Executing:Sequence: Defensive Strategy
DEBUG:root:Executing:LoopUntilFailed: Action: try_save_doomed_ally
DEBUG:root:Executing:Action: try_save_doomed_ally
DEBUG:root:Result: Action: try_save_doomed_ally -> Failure
DEBUG:root:Result: LoopUntilFailed: Action: try_save_doomed_ally -> Success
DEBUG:root:Result: Sequence: Defensive Strategy -> Success
DEBUG:root:Result: AlwaysSucceed -> Success
DEBUG:root:Executing:AlwaysSucceed
DEBUG:root:Executing:Sequence: Offensive Strategy
DEBUG:root:Executing:AlwaysSucceed
DEBUG:root:Executing:LoopUntilFailed
DEBUG:root:Executing:Sequence: Full Offense
DEBUG:root:Executing:Check: has_sufficiently_largest_fleet
DEBUG:root:Result: Check: has_sufficiently_largest_fleet -> Success
DEBUG:root:Executing:Action: attack_strong_and_vulnerable_enemy_planet
DEBUG:root:Result: Action: attack_strong_and_vulnerable_enemy_planet -> Failure
DEBUG:root:Result: Sequence: Full Offense -> Failure
DEBUG:root:Result: LoopUntilFailed -> Success
DEBUG:root:Result: AlwaysSucceed -> Success
DEBUG:root:Executing:LoopUntilFailed: Action: try_steal_cheap_planet
DEBUG:root:Executing:Action: try_steal_cheap_planet
DEBUG:root:Result: Action: try_steal_cheap_planet -> Failure
DEBUG:root:Result: LoopUntilFailed: Action: try_steal_cheap_planet -> Success
DEBUG:root:Result: Sequence: Offensive Strategy -> Success
DEBUG:root:Result: AlwaysSucceed -> Success
DEBUG:root:Executing:Sequence: Spread Strategy
DEBUG:root:Executing:LoopUntilFailed: Action: spread_to_weakest_neutral_planet
DEBUG:root:Executing:Action: spread_to_weakest_neutral_planet
DEBUG:root:Order:1 15 60.0
DEBUG:root:Result: Action: spread_to_weakest_neutral_planet -> Success
DEBUG:root:Executing:Action: spread_to_weakest_neutral_planet
DEBUG:root:Result: Action: spread_to_weakest_neutral_planet -> Failure
DEBUG:root:Result: LoopUntilFailed: Action: spread_to_weakest_neutral_planet -> Success
DEBUG:root:Result: Sequence: Spread Strategy -> Success
DEBUG:root:Result: Sequence: High Level Ordering of Strategies -> Success
DEBUG:root:Finish turn

DEBUG:root:Executing:Sequence: High Level Ordering of Strategies
DEBUG:root:Executing:AlwaysSucceed
DEBUG:root:Executing:Sequence: Defensive Strategy
DEBUG:root:Executing:LoopUntilFailed: Action: try_save_doomed_ally
DEBUG:root:Executing:Action: try_save_doomed_ally
DEBUG:root:Result: Action: try_save_doomed_ally -> Failure
DEBUG:root:Result: LoopUntilFailed: Action: try_save_doomed_ally -> Success
DEBUG:root:Result: Sequence: Defensive Strategy -> Success
DEBUG:root:Result: AlwaysSucceed -> Success
DEBUG:root:Executing:AlwaysSucceed
DEBUG:root:Executing:Sequence: Offensive Strategy
DEBUG:root:Executing:AlwaysSucceed
DEBUG:root:Executing:LoopUntilFailed
DEBUG:root:Executing:Sequence: Full Offense
DEBUG:root:Executing:Check: has_sufficiently_largest_fleet
DEBUG:root:Result: Check: has_sufficiently_largest_fleet -> Success
DEBUG:root:Executing:Action: attack_strong_and_vulnerable_enemy_planet
DEBUG:root:Result: Action: attack_strong_and_vulnerable_enemy_planet -> Failure
DEBUG:root:Result: Sequence: Full Offense -> Failure
DEBUG:root:Result: LoopUntilFailed -> Success
DEBUG:root:Result: AlwaysSucceed -> Success
DEBUG:root:Executing:LoopUntilFailed: Action: try_steal_cheap_planet
DEBUG:root:Executing:Action: try_steal_cheap_planet
DEBUG:root:Result: Action: try_steal_cheap_planet -> Failure
DEBUG:root:Result: LoopUntilFailed: Action: try_steal_cheap_planet -> Success
DEBUG:root:Result: Sequence: Offensive Strategy -> Success
DEBUG:root:Result: AlwaysSucceed -> Success
DEBUG:root:Executing:Sequence: Spread Strategy
DEBUG:root:Executing:LoopUntilFailed: Action: spread_to_weakest_neutral_planet
DEBUG:root:Executing:Action: spread_to_weakest_neutral_planet
DEBUG:root:Order:21 20 56.0
DEBUG:root:Result: Action: spread_to_weakest_neutral_planet -> Success
DEBUG:root:Executing:Action: spread_to_weakest_neutral_planet
DEBUG:root:Result: Action: spread_to_weakest_neutral_planet -> Failure
DEBUG:root:Result: LoopUntilFailed: Action: spread_to_weakest_neutral_planet -> Success
DEBUG:root:Result: Sequence: Spread Strategy -> Success
DEBUG:root:Result: Sequence: High Level Ordering of Strategies -> Success
DEBUG:root:Finish turn

DEBUG:root:Executing:Sequence: High Level Ordering of Strategies
DEBUG:root:Executing:AlwaysSucceed
DEBUG:root:Executing:Sequence: Defensive Strategy
DEBUG:root:Executing:LoopUntilFailed: Action: try_save_doomed_ally
DEBUG:root:Executing:Action: try_save_doomed_ally
DEBUG:root:Result: Action: try_save_doomed_ally -> Failure
DEBUG:root:Result: LoopUntilFailed: Action: try_save_doomed_ally -> Success
DEBUG:root:Result: Sequence: Defensive Strategy -> Success
DEBUG:root:Result: AlwaysSucceed -> Success
DEBUG:root:Executing:AlwaysSucceed
DEBUG:root:Executing:Sequence: Offensive Strategy
DEBUG:root:Executing:AlwaysSucceed
DEBUG:root:Executing:LoopUntilFailed
DEBUG:root:Executing:Sequence: Full Offense
DEBUG:root:Executing:Check: has_sufficiently_largest_fleet
DEBUG:root:Result: Check: has_sufficiently_largest_fleet -> Success
DEBUG:root:Executing:Action: attack_strong_and_vulnerable_enemy_planet
DEBUG:root:Result: Action: attack_strong_and_vulnerable_enemy_planet -> Failure
DEBUG:root:Result: Sequence: Full Offense -> Failure
DEBUG:root:Result: LoopUntilFailed -> Success
DEBUG:root:Result: AlwaysSucceed -> Success
DEBUG:root:Executing:LoopUntilFailed: Action: try_steal_cheap_planet
DEBUG:root:Executing:Action: try_steal_cheap_planet
DEBUG:root:Result: Action: try_steal_cheap_planet -> Failure
DEBUG:root:Result: LoopUntilFailed: Action: try_steal_cheap_planet -> Success
DEBUG:root:Result: Sequence: Offensive Strategy -> Success
DEBUG:root:Result: AlwaysSucceed -> Success
DEBUG:root:Executing:Sequence: Spread Strategy
DEBUG:root:Executing:LoopUntilFailed: Action: spread_to_weakest_neutral_planet
DEBUG:root:Executing:Action: spread_to_weakest_neutral_planet
DEBUG:root:Result: Action: spread_to_weakest_neutral_planet -> Failure
DEBUG:root:Result: LoopUntilFailed: Action: spread_to_weakest_neutral_planet -> Success
DEBUG:root:Result: Sequence: Spread Strategy -> Success
DEBUG:root:Result: Sequence: High Level Ordering of Strategies -> Success
DEBUG:root:Finish turn

DEBUG:root:Executing:Sequence: High Level Ordering of Strategies
DEBUG:root:Executing:AlwaysSucceed
DEBUG:root:Executing:Sequence: Defensive Strategy
DEBUG:root:Executing:LoopUntilFailed: Action: try_save_doomed_ally
DEBUG:root:Executing:Action: try_save_doomed_ally
DEBUG:root:Result: Action: try_save_doomed_ally -> Failure
DEBUG:root:Result: LoopUntilFailed: Action: try_save_doomed_ally -> Success
DEBUG:root:Result: Sequence: Defensive Strategy -> Success
DEBUG:root:Result: AlwaysSucceed -> Success
DEBUG:root:Executing:AlwaysSucceed
DEBUG:root:Executing:Sequence: Offensive Strategy
DEBUG:root:Executing:AlwaysSucceed
DEBUG:root:Executing:LoopUntilFailed
DEBUG:root:Executing:Sequence: Full Offense
DEBUG:root:Executing:Check: has_sufficiently_largest_fleet
DEBUG:root:Result: Check: has_sufficiently_largest_fleet -> Success
DEBUG:root:Executing:Action: attack_strong_and_vulnerable_enemy_planet
DEBUG:root:Result: Action: attack_strong_and_vulnerable_enemy_planet -> Failure
DEBUG:root:Result: Sequence: Full Offense -> Failure
DEBUG:root:Result: LoopUntilFailed -> Success
DEBUG:root:Result: AlwaysSucceed -> Success
DEBUG:root:Executing:LoopUntilFailed: Action: try_steal_cheap_planet
DEBUG:root:Executing:Action: try_steal_cheap_planet
DEBUG:root:Result: Action: try_steal_cheap_planet -> Failure
DEBUG:root:Result: LoopUntilFailed: Action: try_steal_cheap_planet -> Success
DEBUG:root:Result: Sequence: Offensive Strategy -> Success
DEBUG:root:Result: AlwaysSucceed -> Success
DEBUG:root:Executing:Sequence: Spread Strategy
DEBUG:root:Executing:LoopUntilFailed: Action: spread_to_weakest_neutral_planet
DEBUG:root:Executing:Action: spread_to_weakest_neutral_planet
DEBUG:root:Order:2 14 60.0
DEBUG:root:Result: Action: spread_to_weakest_neutral_planet -> Success
DEBUG:root:Executing:Action: spread_to_weakest_neutral_planet
DEBUG:root:Result: Action: spread_to_weakest_neutral_planet -> Failure
DEBUG:root:Result: LoopUntilFailed: Action: spread_to_weakest_neutral_planet -> Success
DEBUG:root:Result: Sequence: Spread Strategy -> Success
DEBUG:root:Result: Sequence: High Level Ordering of Strategies -> Success
DEBUG:root:Finish turn

