DEBUG:root:Order:2 3 10.0
DEBUG:root:Finish turn

DEBUG:root:Order:2 4 10.0
DEBUG:root:Finish turn

DEBUG:root:Order:2 19 15.0
DEBUG:root:Finish turn

DEBUG:root:Order:2 20 15.0
DEBUG:root:Order:2 4 32
DEBUG:root:Finish turn

DEBUG:root:Order:2 15 20.0
DEBUG:root:Bad order:4 3.0 8
DEBUG:root:Finish turn

DEBUG:root:Order:2 16 20.0
DEBUG:root:Order:4 0 26.0
DEBUG:root:Order:4 2 4
DEBUG:root:Finish turn

DEBUG:root:Order:2 4 1
DEBUG:root:Finish turn

DEBUG:root:Order:2 19 6
DEBUG:root:Order:4 19 2
DEBUG:root:Finish turn

DEBUG:root:Order:2 19 2
DEBUG:root:Order:2 4 2
DEBUG:root:Finish turn

DEBUG:root:Order:2 19 1
DEBUG:root:Order:4 19 1
DEBUG:root:Finish turn

DEBUG:root:Order:2 19 1
DEBUG:root:Order:2 4 2
DEBUG:root:Finish turn

DEBUG:root:Order:2 15 6
DEBUG:root:Order:4 15 5
DEBUG:root:Order:19 15 2
DEBUG:root:Finish turn

DEBUG:root:Order:2 15 1
DEBUG:root:Order:2 19 1
DEBUG:root:Order:2 4 2
DEBUG:root:Finish turn

DEBUG:root:Order:2 19 1
DEBUG:root:Order:4 19 1
DEBUG:root:Finish turn

DEBUG:root:Order:2 19 1
DEBUG:root:Order:2 4 2
DEBUG:root:Finish turn

DEBUG:root:Order:2 19 1
DEBUG:root:Finish turn

DEBUG:root:Order:2 19 2
DEBUG:root:Finish turn

DEBUG:root:Order:2 19 3
DEBUG:root:Order:2 4 1
DEBUG:root:Finish turn

DEBUG:root:Order:2 0 8
DEBUG:root:Order:15 0 8
DEBUG:root:Order:4 0 6
DEBUG:root:Order:19 0 5
DEBUG:root:Finish turn

DEBUG:root:Order:2 19 1
DEBUG:root:Order:2 4 2
DEBUG:root:Finish turn

DEBUG:root:Order:2 19 1
DEBUG:root:Finish turn

DEBUG:root:Order:2 19 2
DEBUG:root:Finish turn

DEBUG:root:Order:2 9 40.0
DEBUG:root:Order:15 2 11
DEBUG:root:Order:4 2 9
DEBUG:root:Order:19 2 7
DEBUG:root:Finish turn

DEBUG:root:Order:2 19 1
DEBUG:root:Order:2 4 2
DEBUG:root:Finish turn

DEBUG:root:Order:2 19 1
DEBUG:root:Finish turn

DEBUG:root:Order:2 19 2
DEBUG:root:Finish turn

DEBUG:root:Order:15 10 40.0
DEBUG:root:Order:2 15 13
DEBUG:root:Order:4 15 9
DEBUG:root:Order:19 15 7
DEBUG:root:Finish turn

DEBUG:root:Order:2 19 1
DEBUG:root:Order:2 4 2
DEBUG:root:Finish turn

DEBUG:root:Order:2 19 1
DEBUG:root:Finish turn

DEBUG:root:Order:2 0 11
DEBUG:root:Order:15 0 9
DEBUG:root:Order:4 0 8
DEBUG:root:Order:19 0 5
DEBUG:root:Finish turn

DEBUG:root:Order:2 0 2
DEBUG:root:Order:2 19 1
DEBUG:root:Order:2 4 2
DEBUG:root:Finish turn

DEBUG:root:Order:4 0 1
DEBUG:root:Order:4 19 1
DEBUG:root:Finish turn

DEBUG:root:Order:2 19 2
DEBUG:root:Order:2 4 1
DEBUG:root:Finish turn

DEBUG:root:Order:2 9 17
DEBUG:root:Order:15 9 17
DEBUG:root:Order:4 9 14
DEBUG:root:Order:19 9 13
DEBUG:root:Finish turn

DEBUG:root:Order:2 9 3
DEBUG:root:Order:2 19 1
DEBUG:root:Finish turn

DEBUG:root:Order:2 19 1
DEBUG:root:Order:2 4 1
DEBUG:root:Order:15 4 1
DEBUG:root:Finish turn

DEBUG:root:Order:2 19 1
DEBUG:root:Finish turn

DEBUG:root:Order:2 19 2
DEBUG:root:Order:2 9 1
DEBUG:root:Finish turn

DEBUG:root:Order:2 19 2
DEBUG:root:Order:2 9 1
DEBUG:root:Order:2 4 2
DEBUG:root:Order:15 4 1
DEBUG:root:Finish turn

DEBUG:root:Order:4 19 2
DEBUG:root:Order:4 9 1
DEBUG:root:Finish turn

DEBUG:root:Order:2 0 11
DEBUG:root:Order:15 0 10
DEBUG:root:Order:9 0 8
DEBUG:root:Order:4 0 7
DEBUG:root:Order:19 0 7
DEBUG:root:Finish turn

DEBUG:root:Order:2 0 3
DEBUG:root:Order:2 19 1
DEBUG:root:Finish turn

DEBUG:root:Order:2 0 1
DEBUG:root:Order:2 19 1
DEBUG:root:Order:2 4 1
DEBUG:root:Order:15 4 1
DEBUG:root:Finish turn

DEBUG:root:Order:2 0 1
DEBUG:root:Order:2 19 1
DEBUG:root:Finish turn

DEBUG:root:Order:2 9 2
DEBUG:root:Order:15 9 2
DEBUG:root:Order:15 0 1
DEBUG:root:Order:15 19 1
DEBUG:root:Finish turn

DEBUG:root:Order:2 0 1
DEBUG:root:Order:2 19 1
DEBUG:root:Order:2 9 3
DEBUG:root:Order:4 9 1
DEBUG:root:Finish turn

DEBUG:root:Order:9 0 2
DEBUG:root:Order:9 19 2
DEBUG:root:Finish turn

DEBUG:root:Order:2 0 1
DEBUG:root:Order:2 9 1
DEBUG:root:Order:2 19 1
DEBUG:root:Order:2 4 3
DEBUG:root:Finish turn

DEBUG:root:Order:4 0 1
DEBUG:root:Order:4 19 1
DEBUG:root:Order:4 9 2
DEBUG:root:Order:15 9 1
DEBUG:root:Finish turn

DEBUG:root:Order:15 11 54.0
DEBUG:root:Order:2 15 12
DEBUG:root:Order:9 15 11
DEBUG:root:Order:0 15 7
DEBUG:root:Order:4 15 7
DEBUG:root:Order:19 15 7
DEBUG:root:Finish turn

DEBUG:root:Order:2 19 1
DEBUG:root:Order:2 4 2
DEBUG:root:Finish turn

DEBUG:root:Order:2 0 12
DEBUG:root:Order:4 0 11
DEBUG:root:Bad order:15 7.0 11
DEBUG:root:Order:9 0 9
DEBUG:root:Order:19 0 8
DEBUG:root:Finish turn

DEBUG:root:Bad order:15 10.0 11
DEBUG:root:Order:2 0 2
DEBUG:root:Finish turn

DEBUG:root:Order:15 0 12
DEBUG:root:Order:15 19 2
DEBUG:root:Bad order:15 6.0 12
DEBUG:root:Order:2 4 3
DEBUG:root:Finish turn

DEBUG:root:Order:2 0 2
DEBUG:root:Order:2 19 2
DEBUG:root:Order:2 9 1
DEBUG:root:Order:2 15 1
DEBUG:root:Finish turn

DEBUG:root:Order:11 0 1
DEBUG:root:Order:11 19 1
DEBUG:root:Order:11 2 3
DEBUG:root:Order:4 2 1
DEBUG:root:Finish turn

DEBUG:root:Order:2 0 2
DEBUG:root:Order:2 19 2
DEBUG:root:Order:2 9 1
DEBUG:root:Order:2 4 5
DEBUG:root:Finish turn

DEBUG:root:Order:4 0 1
DEBUG:root:Order:4 2 1
DEBUG:root:Order:4 19 1
DEBUG:root:Order:4 9 4
DEBUG:root:Order:11 9 1
DEBUG:root:Order:15 9 1
DEBUG:root:Finish turn

DEBUG:root:Order:9 4 3
DEBUG:root:Order:9 0 2
DEBUG:root:Order:9 19 2
DEBUG:root:Finish turn

DEBUG:root:Order:11 13 62.0
DEBUG:root:Order:2 14 62.0
DEBUG:root:Order:15 11 18
DEBUG:root:Order:4 11 16
DEBUG:root:Order:0 11 7
DEBUG:root:Order:0 2 15
DEBUG:root:Order:19 2 15
DEBUG:root:Order:9 2 10
DEBUG:root:Finish turn

DEBUG:root:Order:9 0 4
DEBUG:root:Order:2 0 2
DEBUG:root:Order:11 0 1
DEBUG:root:Order:11 19 1
DEBUG:root:Order:15 19 1
DEBUG:root:Finish turn

DEBUG:root:Order:2 0 2
DEBUG:root:Order:2 4 2
DEBUG:root:Finish turn

DEBUG:root:Order:11 19 1
DEBUG:root:Finish turn

DEBUG:root:Order:2 19 2
DEBUG:root:Order:11 19 1
DEBUG:root:Order:11 9 1
DEBUG:root:Finish turn

DEBUG:root:Order:2 0 13
DEBUG:root:Order:11 0 11
DEBUG:root:Order:15 0 11
DEBUG:root:Order:4 0 9
DEBUG:root:Order:9 0 8
DEBUG:root:Order:19 0 8
DEBUG:root:Finish turn

DEBUG:root:Order:2 0 1
DEBUG:root:Order:2 19 1
DEBUG:root:Order:2 4 2
DEBUG:root:Order:11 4 1
DEBUG:root:Finish turn

DEBUG:root:Order:4 0 1
DEBUG:root:Order:11 0 1
DEBUG:root:Order:11 19 1
DEBUG:root:Finish turn

DEBUG:root:Order:2 19 2
DEBUG:root:Order:2 0 1
DEBUG:root:Order:2 9 1
DEBUG:root:Finish turn

DEBUG:root:Order:11 0 2
DEBUG:root:Order:11 19 2
DEBUG:root:Order:11 9 1
DEBUG:root:Order:11 4 2
DEBUG:root:Order:2 4 1
DEBUG:root:Order:15 4 1
DEBUG:root:Finish turn

DEBUG:root:Order:2 11 2
DEBUG:root:Order:2 0 1
DEBUG:root:Order:2 19 1
DEBUG:root:Order:2 9 3
DEBUG:root:Order:4 9 3
DEBUG:root:Order:15 9 1
DEBUG:root:Finish turn

DEBUG:root:Order:9 14 15
DEBUG:root:Order:11 14 10
DEBUG:root:Order:15 14 10
DEBUG:root:Order:4 14 9
DEBUG:root:Order:2 14 8
DEBUG:root:Order:0 14 7
DEBUG:root:Order:19 14 7
DEBUG:root:Finish turn

DEBUG:root:Order:2 0 1
DEBUG:root:Order:2 14 1
DEBUG:root:Order:2 19 1
DEBUG:root:Order:2 4 2
DEBUG:root:Order:11 4 1
DEBUG:root:Finish turn

DEBUG:root:Order:4 0 1
DEBUG:root:Order:11 0 1
DEBUG:root:Order:11 19 1
DEBUG:root:Finish turn

DEBUG:root:Order:2 19 2
DEBUG:root:Order:2 0 1
DEBUG:root:Order:2 9 1
DEBUG:root:Finish turn

DEBUG:root:Order:11 0 2
DEBUG:root:Order:11 19 2
DEBUG:root:Order:11 9 1
DEBUG:root:Order:11 4 2
DEBUG:root:Order:15 4 1
DEBUG:root:Finish turn

DEBUG:root:Order:2 11 2
DEBUG:root:Order:2 0 1
DEBUG:root:Order:2 19 1
DEBUG:root:Order:2 9 3
DEBUG:root:Order:4 9 2
DEBUG:root:Order:15 9 1
DEBUG:root:Finish turn

DEBUG:root:Order:0 21 76.0
DEBUG:root:Order:9 2 27
DEBUG:root:Order:11 2 23
DEBUG:root:Order:15 2 22
DEBUG:root:Order:15 0 23
DEBUG:root:Order:4 0 22
DEBUG:root:Order:19 0 10
DEBUG:root:Finish turn

DEBUG:root:Order:14 15 14
DEBUG:root:Order:19 15 8
DEBUG:root:Order:19 4 1
DEBUG:root:Order:19 9 1
DEBUG:root:Finish turn

DEBUG:root:Order:2 19 3
DEBUG:root:Order:11 19 1
DEBUG:root:Order:11 4 1
DEBUG:root:Order:11 9 1
DEBUG:root:Finish turn

DEBUG:root:Order:2 21 12
DEBUG:root:Bad order:14 11.0 12
DEBUG:root:Order:11 21 10
DEBUG:root:Order:15 21 10
DEBUG:root:Order:4 21 9
DEBUG:root:Order:9 21 9
DEBUG:root:Order:19 21 8
DEBUG:root:Finish turn

DEBUG:root:Order:14 21 13
DEBUG:root:Bad order:2 0.0 2
DEBUG:root:Order:11 21 1
DEBUG:root:Finish turn

DEBUG:root:Bad order:2 5.0 11
DEBUG:root:Order:11 21 8
DEBUG:root:Order:14 21 8
DEBUG:root:Order:15 21 7
DEBUG:root:Order:4 21 5
DEBUG:root:Order:9 21 5
DEBUG:root:Order:19 21 3
DEBUG:root:Finish turn

DEBUG:root:Bad order:2 10.0 17
DEBUG:root:Order:11 21 5
DEBUG:root:Order:14 21 5
DEBUG:root:Order:15 21 4
DEBUG:root:Order:4 21 3
DEBUG:root:Order:9 21 3
DEBUG:root:Order:19 21 2
DEBUG:root:Finish turn

DEBUG:root:Order:2 21 20
DEBUG:root:Order:11 21 2
DEBUG:root:Order:14 21 2
DEBUG:root:Order:15 21 1
DEBUG:root:Order:15 19 1
DEBUG:root:Finish turn

DEBUG:root:Order:2 14 15
DEBUG:root:Order:11 14 14
DEBUG:root:Order:4 14 12
DEBUG:root:Order:9 14 12
DEBUG:root:Order:15 14 4
DEBUG:root:Order:15 21 12
DEBUG:root:Order:19 21 7
DEBUG:root:Finish turn

DEBUG:root:Order:2 15 2
DEBUG:root:Order:19 15 2
DEBUG:root:Order:19 4 1
DEBUG:root:Order:19 9 1
DEBUG:root:Finish turn

DEBUG:root:Order:2 21 5
DEBUG:root:Order:11 21 5
DEBUG:root:Order:14 21 5
DEBUG:root:Order:15 21 3
DEBUG:root:Order:4 21 2
DEBUG:root:Order:9 21 2
DEBUG:root:Order:9 19 2
DEBUG:root:Finish turn

DEBUG:root:Order:2 0 7
DEBUG:root:Order:11 0 6
DEBUG:root:Order:14 0 6
DEBUG:root:Order:15 0 5
DEBUG:root:Order:4 0 4
DEBUG:root:Order:19 0 4
DEBUG:root:Order:21 0 4
DEBUG:root:Order:9 0 2
DEBUG:root:Finish turn

DEBUG:root:Order:2 14 12
DEBUG:root:Order:11 14 11
DEBUG:root:Order:15 14 10
DEBUG:root:Order:4 14 9
DEBUG:root:Order:9 14 4
DEBUG:root:Order:9 21 9
DEBUG:root:Order:0 21 8
DEBUG:root:Order:19 21 3
DEBUG:root:Finish turn

DEBUG:root:Order:19 9 3
DEBUG:root:Order:2 9 2
DEBUG:root:Order:2 4 1
DEBUG:root:Finish turn

DEBUG:root:Order:11 19 1
DEBUG:root:Order:11 4 2
DEBUG:root:Order:2 4 1
DEBUG:root:Finish turn

DEBUG:root:Order:2 19 2
DEBUG:root:Order:2 9 1
DEBUG:root:Finish turn

DEBUG:root:Order:2 19 1
DEBUG:root:Order:11 19 1
DEBUG:root:Order:11 9 1
DEBUG:root:Finish turn

DEBUG:root:Order:2 19 2
DEBUG:root:Order:2 9 1
DEBUG:root:Order:2 4 2
DEBUG:root:Finish turn

DEBUG:root:Order:11 19 1
DEBUG:root:Finish turn

DEBUG:root:Order:2 14 13
DEBUG:root:Order:11 14 13
DEBUG:root:Order:15 14 12
DEBUG:root:Order:4 14 11
DEBUG:root:Order:9 14 9
DEBUG:root:Order:19 14 8
DEBUG:root:Finish turn

DEBUG:root:Order:2 14 2
DEBUG:root:Order:2 19 1
DEBUG:root:Order:2 4 2
DEBUG:root:Order:11 4 1
DEBUG:root:Finish turn

DEBUG:root:Order:4 19 1
DEBUG:root:Order:11 19 1
DEBUG:root:Order:11 9 1
DEBUG:root:Order:11 2 1
DEBUG:root:Finish turn

DEBUG:root:Order:14 2 22
DEBUG:root:Order:15 2 21
DEBUG:root:Order:4 2 20
DEBUG:root:Order:11 2 20
DEBUG:root:Order:9 2 11
DEBUG:root:Order:9 0 19
DEBUG:root:Order:19 0 9
DEBUG:root:Finish turn

DEBUG:root:Order:19 2 16
DEBUG:root:Order:11 2 10
DEBUG:root:Order:14 2 10
DEBUG:root:Order:15 2 9
DEBUG:root:Order:4 2 8
DEBUG:root:Finish turn

DEBUG:root:Bad order:11 23.0 25
DEBUG:root:Bad order:15 22.0 24
DEBUG:root:Bad order:4 21.0 23
DEBUG:root:Bad order:19 18.0 22
DEBUG:root:Bad order:9 14.0 20
DEBUG:root:Finish turn

DEBUG:root:Bad order:4 23.0 37
DEBUG:root:Bad order:19 20.0 25
DEBUG:root:Bad order:9 16.0 23
DEBUG:root:Order:11 2 11
DEBUG:root:Order:14 2 9
DEBUG:root:Finish turn

DEBUG:root:Bad order:4 25.0 36
DEBUG:root:Bad order:19 22.0 23
DEBUG:root:Bad order:9 19.0 22
DEBUG:root:Order:11 2 1
DEBUG:root:Order:14 2 1
DEBUG:root:Finish turn

DEBUG:root:Bad order:4 27.0 38
DEBUG:root:Bad order:9 22.0 24
DEBUG:root:Bad order:19 23.0 24
DEBUG:root:Order:11 2 4
DEBUG:root:Finish turn

DEBUG:root:Bad order:9 25.0 32
DEBUG:root:Bad order:19 24.0 31
DEBUG:root:Order:11 2 10
DEBUG:root:Finish turn

DEBUG:root:Bad order:9 27.0 31
DEBUG:root:Bad order:19 25.0 29
DEBUG:root:Order:11 2 1
DEBUG:root:Finish turn

DEBUG:root:Bad order:9 29.0 32
DEBUG:root:Bad order:19 26.0 29
DEBUG:root:Order:11 2 3
DEBUG:root:Finish turn

DEBUG:root:Bad order:9 31.0 38
DEBUG:root:Bad order:19 27.0 34
DEBUG:root:Order:11 2 8
DEBUG:root:Order:15 2 1
DEBUG:root:Finish turn

DEBUG:root:Bad order:9 34.0 39
DEBUG:root:Bad order:19 28.0 34
DEBUG:root:Order:11 2 3
DEBUG:root:Order:15 2 2
DEBUG:root:Finish turn

DEBUG:root:Bad order:9 36.0 40
DEBUG:root:Bad order:19 29.0 34
DEBUG:root:Order:15 2 2
DEBUG:root:Finish turn

DEBUG:root:Bad order:9 38.0 41
DEBUG:root:Bad order:19 30.0 34
DEBUG:root:Order:15 2 2
DEBUG:root:Finish turn

DEBUG:root:Bad order:19 31.0 43
DEBUG:root:Order:15 2 11
DEBUG:root:Order:14 2 7
DEBUG:root:Finish turn

DEBUG:root:Bad order:19 32.0 41
DEBUG:root:Order:14 2 1
DEBUG:root:Finish turn

DEBUG:root:Bad order:19 33.0 45
DEBUG:root:Order:15 2 6
DEBUG:root:Finish turn

DEBUG:root:Bad order:19 34.0 44
DEBUG:root:Order:15 2 1
DEBUG:root:Finish turn

DEBUG:root:Bad order:19 35.0 44
DEBUG:root:Order:15 2 2
DEBUG:root:Finish turn

DEBUG:root:Bad order:19 36.0 42
DEBUG:root:Finish turn

DEBUG:root:Bad order:19 37.0 41
DEBUG:root:Order:15 2 1
DEBUG:root:Finish turn

DEBUG:root:Bad order:19 38.0 39
DEBUG:root:Finish turn

DEBUG:root:Order:15 2 19
DEBUG:root:Finish turn

DEBUG:root:Order:2 15 1
DEBUG:root:Finish turn

DEBUG:root:Order:15 2 8
DEBUG:root:Finish turn

DEBUG:root:Finish turn

DEBUG:root:Finish turn

DEBUG:root:Finish turn

DEBUG:root:Finish turn

DEBUG:root:Finish turn

DEBUG:root:Finish turn

DEBUG:root:Finish turn

DEBUG:root:Finish turn

DEBUG:root:Finish turn

DEBUG:root:Finish turn

DEBUG:root:Finish turn

DEBUG:root:Finish turn

DEBUG:root:Finish turn

DEBUG:root:Finish turn

DEBUG:root:Finish turn

DEBUG:root:Finish turn

DEBUG:root:Finish turn

DEBUG:root:Finish turn

DEBUG:root:Finish turn

DEBUG:root:Finish turn

DEBUG:root:Finish turn

DEBUG:root:Finish turn

DEBUG:root:Finish turn

DEBUG:root:Finish turn

DEBUG:root:Finish turn

DEBUG:root:Finish turn

DEBUG:root:Finish turn

